2025-02-06T11:53:04.044+0530 [DEBUG] [org.gradle.launcher.daemon.bootstrap.DaemonMain] Assuming the daemon was started with following jvm opts: [--add-opens=java.base/java.util=ALL-UNNAMED, --add-opens=java.base/java.lang=ALL-UNNAMED, --add-opens=java.base/java.lang.invoke=ALL-UNNAMED, --add-opens=java.prefs/java.util.prefs=ALL-UNNAMED, --add-exports=jdk.compiler/com.sun.tools.javac.api=ALL-UNNAMED, --add-exports=jdk.compiler/com.sun.tools.javac.util=ALL-UNNAMED, --add-opens=java.base/java.nio.charset=ALL-UNNAMED, --add-opens=java.base/java.net=ALL-UNNAMED, --add-opens=java.base/java.util.concurrent.atomic=ALL-UNNAMED, -Xmx2048m, -Dfile.encoding=UTF-8, -Duser.country=IN, -Duser.language=en, -Duser.variant]
2025-02-06T11:53:04.167+0530 [DEBUG] [org.gradle.internal.nativeintegration.services.NativeServices] Native-platform posix files integration is not available. Continuing with fallback.
2025-02-06T11:53:04.188+0530 [INFO] [org.gradle.launcher.daemon.server.Daemon] start() called on daemon - DefaultDaemonContext[uid=e18674f2-9233-4b5d-828c-b51b1948f8dc,javaHome=C:\Program Files\Android\Android Studio1\jbr,javaVersion=21,javaVendor=JetBrains s.r.o.,daemonRegistryDir=E:\Mind Scape\daemon,pid=4224,idleTimeout=10800000,priority=NORMAL,applyInstrumentationAgent=true,nativeServicesMode=ENABLED,daemonOpts=--add-opens=java.base/java.util=ALL-UNNAMED,--add-opens=java.base/java.lang=ALL-UNNAMED,--add-opens=java.base/java.lang.invoke=ALL-UNNAMED,--add-opens=java.prefs/java.util.prefs=ALL-UNNAMED,--add-exports=jdk.compiler/com.sun.tools.javac.api=ALL-UNNAMED,--add-exports=jdk.compiler/com.sun.tools.javac.util=ALL-UNNAMED,--add-opens=java.base/java.nio.charset=ALL-UNNAMED,--add-opens=java.base/java.net=ALL-UNNAMED,--add-opens=java.base/java.util.concurrent.atomic=ALL-UNNAMED,-Xmx2048m,-Dfile.encoding=UTF-8,-Duser.country=IN,-Duser.language=en,-Duser.variant]
2025-02-06T11:53:04.350+0530 [DEBUG] [org.gradle.internal.remote.internal.inet.InetAddresses] Adding IP addresses for network interface ExpressVPN TAP Adapter-WFP Native MAC Layer LightWeight Filter-0000
2025-02-06T11:53:04.351+0530 [DEBUG] [org.gradle.internal.remote.internal.inet.InetAddresses] Is this a loopback interface? false
2025-02-06T11:53:04.351+0530 [DEBUG] [org.gradle.internal.remote.internal.inet.InetAddresses] Adding IP addresses for network interface ExpressVPN TAP Adapter-Realtek NDIS LightWeight Filter (NDIS 6.40)-0000
2025-02-06T11:53:04.351+0530 [DEBUG] [org.gradle.internal.remote.internal.inet.InetAddresses] Is this a loopback interface? false
2025-02-06T11:53:04.351+0530 [DEBUG] [org.gradle.internal.remote.internal.inet.InetAddresses] Adding IP addresses for network interface ExpressVPN TAP Adapter-QoS Packet Scheduler-0000
2025-02-06T11:53:04.352+0530 [DEBUG] [org.gradle.internal.remote.internal.inet.InetAddresses] Is this a loopback interface? false
2025-02-06T11:53:04.352+0530 [DEBUG] [org.gradle.internal.remote.internal.inet.InetAddresses] Adding IP addresses for network interface ExpressVPN TAP Adapter-WFP 802.3 MAC Layer LightWeight Filter-0000
2025-02-06T11:53:04.352+0530 [DEBUG] [org.gradle.internal.remote.internal.inet.InetAddresses] Is this a loopback interface? false
2025-02-06T11:53:04.352+0530 [DEBUG] [org.gradle.internal.remote.internal.inet.InetAddresses] Adding IP addresses for network interface WAN Miniport (IP)-WFP Native MAC Layer LightWeight Filter-0000
2025-02-06T11:53:04.352+0530 [DEBUG] [org.gradle.internal.remote.internal.inet.InetAddresses] Is this a loopback interface? false
2025-02-06T11:53:04.353+0530 [DEBUG] [org.gradle.internal.remote.internal.inet.InetAddresses] Adding IP addresses for network interface WAN Miniport (IP)-Realtek NDIS LightWeight Filter (NDIS 6.40)-0000
2025-02-06T11:53:04.353+0530 [DEBUG] [org.gradle.internal.remote.internal.inet.InetAddresses] Is this a loopback interface? false
2025-02-06T11:53:04.353+0530 [DEBUG] [org.gradle.internal.remote.internal.inet.InetAddresses] Adding IP addresses for network interface WAN Miniport (IP)-QoS Packet Scheduler-0000
2025-02-06T11:53:04.353+0530 [DEBUG] [org.gradle.internal.remote.internal.inet.InetAddresses] Is this a loopback interface? false
2025-02-06T11:53:04.353+0530 [DEBUG] [org.gradle.internal.remote.internal.inet.InetAddresses] Adding IP addresses for network interface WAN Miniport (IPv6)-WFP Native MAC Layer LightWeight Filter-0000
2025-02-06T11:53:04.353+0530 [DEBUG] [org.gradle.internal.remote.internal.inet.InetAddresses] Is this a loopback interface? false
2025-02-06T11:53:04.354+0530 [DEBUG] [org.gradle.internal.remote.internal.inet.InetAddresses] Adding IP addresses for network interface WAN Miniport (IPv6)-Realtek NDIS LightWeight Filter (NDIS 6.40)-0000
2025-02-06T11:53:04.354+0530 [DEBUG] [org.gradle.internal.remote.internal.inet.InetAddresses] Is this a loopback interface? false
2025-02-06T11:53:04.354+0530 [DEBUG] [org.gradle.internal.remote.internal.inet.InetAddresses] Adding IP addresses for network interface WAN Miniport (IPv6)-QoS Packet Scheduler-0000
2025-02-06T11:53:04.354+0530 [DEBUG] [org.gradle.internal.remote.internal.inet.InetAddresses] Is this a loopback interface? false
2025-02-06T11:53:04.354+0530 [DEBUG] [org.gradle.internal.remote.internal.inet.InetAddresses] Adding IP addresses for network interface WAN Miniport (Network Monitor)-WFP Native MAC Layer LightWeight Filter-0000
2025-02-06T11:53:04.354+0530 [DEBUG] [org.gradle.internal.remote.internal.inet.InetAddresses] Is this a loopback interface? false
2025-02-06T11:53:04.354+0530 [DEBUG] [org.gradle.internal.remote.internal.inet.InetAddresses] Adding IP addresses for network interface WAN Miniport (Network Monitor)-Realtek NDIS LightWeight Filter (NDIS 6.40)-0000
2025-02-06T11:53:04.355+0530 [DEBUG] [org.gradle.internal.remote.internal.inet.InetAddresses] Is this a loopback interface? false
2025-02-06T11:53:04.355+0530 [DEBUG] [org.gradle.internal.remote.internal.inet.InetAddresses] Adding IP addresses for network interface WAN Miniport (Network Monitor)-QoS Packet Scheduler-0000
2025-02-06T11:53:04.355+0530 [DEBUG] [org.gradle.internal.remote.internal.inet.InetAddresses] Is this a loopback interface? false
2025-02-06T11:53:04.355+0530 [DEBUG] [org.gradle.internal.remote.internal.inet.InetAddresses] Adding IP addresses for network interface Microsoft Kernel Debug Network Adapter
2025-02-06T11:53:04.355+0530 [DEBUG] [org.gradle.internal.remote.internal.inet.InetAddresses] Is this a loopback interface? false
2025-02-06T11:53:04.355+0530 [DEBUG] [org.gradle.internal.remote.internal.inet.InetAddresses] Adding IP addresses for network interface Realtek USB GbE Family Controller
2025-02-06T11:53:04.355+0530 [DEBUG] [org.gradle.internal.remote.internal.inet.InetAddresses] Is this a loopback interface? false
2025-02-06T11:53:04.355+0530 [DEBUG] [org.gradle.internal.remote.internal.inet.InetAddresses] Adding IP addresses for network interface Bluetooth Device (Personal Area Network)
2025-02-06T11:53:04.356+0530 [DEBUG] [org.gradle.internal.remote.internal.inet.InetAddresses] Is this a loopback interface? false
2025-02-06T11:53:04.356+0530 [DEBUG] [org.gradle.internal.remote.internal.inet.InetAddresses] Adding IP addresses for network interface ExpressVPN TAP Adapter
2025-02-06T11:53:04.356+0530 [DEBUG] [org.gradle.internal.remote.internal.inet.InetAddresses] Is this a loopback interface? false
2025-02-06T11:53:04.356+0530 [DEBUG] [org.gradle.internal.remote.internal.inet.InetAddresses] Adding remote address /fe80:0:0:0:bd4a:debf:365d:7440%ethernet_32771
2025-02-06T11:53:04.356+0530 [DEBUG] [org.gradle.internal.remote.internal.inet.InetAddresses] Adding IP addresses for network interface WAN Miniport (IP)
2025-02-06T11:53:04.356+0530 [DEBUG] [org.gradle.internal.remote.internal.inet.InetAddresses] Is this a loopback interface? false
2025-02-06T11:53:04.357+0530 [DEBUG] [org.gradle.internal.remote.internal.inet.InetAddresses] Adding IP addresses for network interface WAN Miniport (IPv6)
2025-02-06T11:53:04.357+0530 [DEBUG] [org.gradle.internal.remote.internal.inet.InetAddresses] Is this a loopback interface? false
2025-02-06T11:53:04.357+0530 [DEBUG] [org.gradle.internal.remote.internal.inet.InetAddresses] Adding IP addresses for network interface WAN Miniport (Network Monitor)
2025-02-06T11:53:04.357+0530 [DEBUG] [org.gradle.internal.remote.internal.inet.InetAddresses] Is this a loopback interface? false
2025-02-06T11:53:04.357+0530 [DEBUG] [org.gradle.internal.remote.internal.inet.InetAddresses] Adding IP addresses for network interface Remote NDIS based Internet Sharing Device
2025-02-06T11:53:04.357+0530 [DEBUG] [org.gradle.internal.remote.internal.inet.InetAddresses] Is this a loopback interface? false
2025-02-06T11:53:04.357+0530 [DEBUG] [org.gradle.internal.remote.internal.inet.InetAddresses] Adding IP addresses for network interface Remote NDIS based Internet Sharing Device #2
2025-02-06T11:53:04.357+0530 [DEBUG] [org.gradle.internal.remote.internal.inet.InetAddresses] Is this a loopback interface? false
2025-02-06T11:53:04.358+0530 [DEBUG] [org.gradle.internal.remote.internal.inet.InetAddresses] Adding IP addresses for network interface WAN Miniport (PPPOE)
2025-02-06T11:53:04.358+0530 [DEBUG] [org.gradle.internal.remote.internal.inet.InetAddresses] Is this a loopback interface? false
2025-02-06T11:53:04.358+0530 [DEBUG] [org.gradle.internal.remote.internal.inet.InetAddresses] Adding IP addresses for network interface Software Loopback Interface 1
2025-02-06T11:53:04.358+0530 [DEBUG] [org.gradle.internal.remote.internal.inet.InetAddresses] Is this a loopback interface? true
2025-02-06T11:53:04.358+0530 [DEBUG] [org.gradle.internal.remote.internal.inet.InetAddresses] Adding loopback address /0:0:0:0:0:0:0:1
2025-02-06T11:53:04.358+0530 [DEBUG] [org.gradle.internal.remote.internal.inet.InetAddresses] Adding loopback address /127.0.0.1
2025-02-06T11:53:04.358+0530 [DEBUG] [org.gradle.internal.remote.internal.inet.InetAddresses] Adding IP addresses for network interface ExpressVPN TUN Driver
2025-02-06T11:53:04.359+0530 [DEBUG] [org.gradle.internal.remote.internal.inet.InetAddresses] Is this a loopback interface? false
2025-02-06T11:53:04.359+0530 [DEBUG] [org.gradle.internal.remote.internal.inet.InetAddresses] Adding remote address /fe80:0:0:0:f367:b4c0:5611:e65a%iftype53_32768
2025-02-06T11:53:04.359+0530 [DEBUG] [org.gradle.internal.remote.internal.inet.InetAddresses] Adding IP addresses for network interface Realtek RTL8852BE WiFi 6 802.11ax PCIe Adapter-WFP Native MAC Layer LightWeight Filter-0000
2025-02-06T11:53:04.359+0530 [DEBUG] [org.gradle.internal.remote.internal.inet.InetAddresses] Is this a loopback interface? false
2025-02-06T11:53:04.359+0530 [DEBUG] [org.gradle.internal.remote.internal.inet.InetAddresses] Adding IP addresses for network interface Realtek RTL8852BE WiFi 6 802.11ax PCIe Adapter-Virtual WiFi Filter Driver-0000
2025-02-06T11:53:04.359+0530 [DEBUG] [org.gradle.internal.remote.internal.inet.InetAddresses] Is this a loopback interface? false
2025-02-06T11:53:04.359+0530 [DEBUG] [org.gradle.internal.remote.internal.inet.InetAddresses] Adding IP addresses for network interface Realtek RTL8852BE WiFi 6 802.11ax PCIe Adapter-Native WiFi Filter Driver-0000
2025-02-06T11:53:04.360+0530 [DEBUG] [org.gradle.internal.remote.internal.inet.InetAddresses] Is this a loopback interface? false
2025-02-06T11:53:04.360+0530 [DEBUG] [org.gradle.internal.remote.internal.inet.InetAddresses] Adding IP addresses for network interface Realtek RTL8852BE WiFi 6 802.11ax PCIe Adapter-Realtek NDIS LightWeight Filter (NDIS 6.40)-0000
2025-02-06T11:53:04.360+0530 [DEBUG] [org.gradle.internal.remote.internal.inet.InetAddresses] Is this a loopback interface? false
2025-02-06T11:53:04.361+0530 [DEBUG] [org.gradle.internal.remote.internal.inet.InetAddresses] Adding IP addresses for network interface Realtek RTL8852BE WiFi 6 802.11ax PCIe Adapter-QoS Packet Scheduler-0000
2025-02-06T11:53:04.361+0530 [DEBUG] [org.gradle.internal.remote.internal.inet.InetAddresses] Is this a loopback interface? false
2025-02-06T11:53:04.361+0530 [DEBUG] [org.gradle.internal.remote.internal.inet.InetAddresses] Adding IP addresses for network interface Realtek RTL8852BE WiFi 6 802.11ax PCIe Adapter-WFP 802.3 MAC Layer LightWeight Filter-0000
2025-02-06T11:53:04.361+0530 [DEBUG] [org.gradle.internal.remote.internal.inet.InetAddresses] Is this a loopback interface? false
2025-02-06T11:53:04.361+0530 [DEBUG] [org.gradle.internal.remote.internal.inet.InetAddresses] Adding IP addresses for network interface Microsoft Wi-Fi Direct Virtual Adapter-WFP Native MAC Layer LightWeight Filter-0000
2025-02-06T11:53:04.362+0530 [DEBUG] [org.gradle.internal.remote.internal.inet.InetAddresses] Is this a loopback interface? false
2025-02-06T11:53:04.362+0530 [DEBUG] [org.gradle.internal.remote.internal.inet.InetAddresses] Adding IP addresses for network interface Microsoft Wi-Fi Direct Virtual Adapter-Native WiFi Filter Driver-0000
2025-02-06T11:53:04.362+0530 [DEBUG] [org.gradle.internal.remote.internal.inet.InetAddresses] Is this a loopback interface? false
2025-02-06T11:53:04.362+0530 [DEBUG] [org.gradle.internal.remote.internal.inet.InetAddresses] Adding IP addresses for network interface Microsoft Wi-Fi Direct Virtual Adapter-Realtek NDIS LightWeight Filter (NDIS 6.40)-0000
2025-02-06T11:53:04.362+0530 [DEBUG] [org.gradle.internal.remote.internal.inet.InetAddresses] Is this a loopback interface? false
2025-02-06T11:53:04.362+0530 [DEBUG] [org.gradle.internal.remote.internal.inet.InetAddresses] Adding IP addresses for network interface Microsoft Wi-Fi Direct Virtual Adapter-QoS Packet Scheduler-0000
2025-02-06T11:53:04.362+0530 [DEBUG] [org.gradle.internal.remote.internal.inet.InetAddresses] Is this a loopback interface? false
2025-02-06T11:53:04.363+0530 [DEBUG] [org.gradle.internal.remote.internal.inet.InetAddresses] Adding IP addresses for network interface Microsoft Wi-Fi Direct Virtual Adapter-WFP 802.3 MAC Layer LightWeight Filter-0000
2025-02-06T11:53:04.363+0530 [DEBUG] [org.gradle.internal.remote.internal.inet.InetAddresses] Is this a loopback interface? false
2025-02-06T11:53:04.363+0530 [DEBUG] [org.gradle.internal.remote.internal.inet.InetAddresses] Adding IP addresses for network interface Microsoft Wi-Fi Direct Virtual Adapter #2-WFP Native MAC Layer LightWeight Filter-0000
2025-02-06T11:53:04.363+0530 [DEBUG] [org.gradle.internal.remote.internal.inet.InetAddresses] Is this a loopback interface? false
2025-02-06T11:53:04.363+0530 [DEBUG] [org.gradle.internal.remote.internal.inet.InetAddresses] Adding IP addresses for network interface Microsoft Wi-Fi Direct Virtual Adapter #2-Native WiFi Filter Driver-0000
2025-02-06T11:53:04.363+0530 [DEBUG] [org.gradle.internal.remote.internal.inet.InetAddresses] Is this a loopback interface? false
2025-02-06T11:53:04.363+0530 [DEBUG] [org.gradle.internal.remote.internal.inet.InetAddresses] Adding IP addresses for network interface Microsoft Wi-Fi Direct Virtual Adapter #2-Realtek NDIS LightWeight Filter (NDIS 6.40)-0000
2025-02-06T11:53:04.363+0530 [DEBUG] [org.gradle.internal.remote.internal.inet.InetAddresses] Is this a loopback interface? false
2025-02-06T11:53:04.364+0530 [DEBUG] [org.gradle.internal.remote.internal.inet.InetAddresses] Adding IP addresses for network interface Microsoft Wi-Fi Direct Virtual Adapter #2-QoS Packet Scheduler-0000
2025-02-06T11:53:04.364+0530 [DEBUG] [org.gradle.internal.remote.internal.inet.InetAddresses] Is this a loopback interface? false
2025-02-06T11:53:04.364+0530 [DEBUG] [org.gradle.internal.remote.internal.inet.InetAddresses] Adding IP addresses for network interface Microsoft Wi-Fi Direct Virtual Adapter #2-WFP 802.3 MAC Layer LightWeight Filter-0000
2025-02-06T11:53:04.364+0530 [DEBUG] [org.gradle.internal.remote.internal.inet.InetAddresses] Is this a loopback interface? false
2025-02-06T11:53:04.364+0530 [DEBUG] [org.gradle.internal.remote.internal.inet.InetAddresses] Adding IP addresses for network interface Realtek RTL8852BE WiFi 6 802.11ax PCIe Adapter
2025-02-06T11:53:04.364+0530 [DEBUG] [org.gradle.internal.remote.internal.inet.InetAddresses] Is this a loopback interface? false
2025-02-06T11:53:04.365+0530 [DEBUG] [org.gradle.internal.remote.internal.inet.InetAddresses] Adding remote address /fe80:0:0:0:c73a:b8e5:5290:666f%wireless_32768
2025-02-06T11:53:04.365+0530 [DEBUG] [org.gradle.internal.remote.internal.inet.InetAddresses] Adding remote address /192.168.137.181
2025-02-06T11:53:04.365+0530 [DEBUG] [org.gradle.internal.remote.internal.inet.InetAddresses] Adding IP addresses for network interface Microsoft Wi-Fi Direct Virtual Adapter
2025-02-06T11:53:04.365+0530 [DEBUG] [org.gradle.internal.remote.internal.inet.InetAddresses] Is this a loopback interface? false
2025-02-06T11:53:04.365+0530 [DEBUG] [org.gradle.internal.remote.internal.inet.InetAddresses] Adding remote address /fe80:0:0:0:5085:61db:4e47:58a4%wireless_32769
2025-02-06T11:53:04.365+0530 [DEBUG] [org.gradle.internal.remote.internal.inet.InetAddresses] Adding IP addresses for network interface Microsoft Wi-Fi Direct Virtual Adapter #2
2025-02-06T11:53:04.365+0530 [DEBUG] [org.gradle.internal.remote.internal.inet.InetAddresses] Is this a loopback interface? false
2025-02-06T11:53:04.366+0530 [DEBUG] [org.gradle.internal.remote.internal.inet.InetAddresses] Adding remote address /fe80:0:0:0:e1b3:cd1:8c01:39be%wireless_32770
2025-02-06T11:53:04.366+0530 [DEBUG] [org.gradle.internal.remote.internal.inet.InetAddresses] Adding IP addresses for network interface Microsoft Teredo Tunneling Adapter
2025-02-06T11:53:04.366+0530 [DEBUG] [org.gradle.internal.remote.internal.inet.InetAddresses] Is this a loopback interface? false
2025-02-06T11:53:04.366+0530 [DEBUG] [org.gradle.internal.remote.internal.inet.InetAddresses] Adding IP addresses for network interface Microsoft IP-HTTPS Platform Adapter
2025-02-06T11:53:04.366+0530 [DEBUG] [org.gradle.internal.remote.internal.inet.InetAddresses] Is this a loopback interface? false
2025-02-06T11:53:04.366+0530 [DEBUG] [org.gradle.internal.remote.internal.inet.InetAddresses] Adding IP addresses for network interface Microsoft 6to4 Adapter
2025-02-06T11:53:04.366+0530 [DEBUG] [org.gradle.internal.remote.internal.inet.InetAddresses] Is this a loopback interface? false
2025-02-06T11:53:04.366+0530 [DEBUG] [org.gradle.internal.remote.internal.inet.InetAddresses] Adding IP addresses for network interface WAN Miniport (SSTP)
2025-02-06T11:53:04.366+0530 [DEBUG] [org.gradle.internal.remote.internal.inet.InetAddresses] Is this a loopback interface? false
2025-02-06T11:53:04.367+0530 [DEBUG] [org.gradle.internal.remote.internal.inet.InetAddresses] Adding IP addresses for network interface WAN Miniport (IKEv2)
2025-02-06T11:53:04.367+0530 [DEBUG] [org.gradle.internal.remote.internal.inet.InetAddresses] Is this a loopback interface? false
2025-02-06T11:53:04.367+0530 [DEBUG] [org.gradle.internal.remote.internal.inet.InetAddresses] Adding IP addresses for network interface WAN Miniport (L2TP)
2025-02-06T11:53:04.367+0530 [DEBUG] [org.gradle.internal.remote.internal.inet.InetAddresses] Is this a loopback interface? false
2025-02-06T11:53:04.367+0530 [DEBUG] [org.gradle.internal.remote.internal.inet.InetAddresses] Adding IP addresses for network interface WAN Miniport (PPTP)
2025-02-06T11:53:04.367+0530 [DEBUG] [org.gradle.internal.remote.internal.inet.InetAddresses] Is this a loopback interface? false
2025-02-06T11:53:04.370+0530 [DEBUG] [org.gradle.internal.remote.internal.inet.TcpIncomingConnector] Listening on [4bd5c376-b0fc-4f29-8871-639b27963bda port:53841, addresses:[localhost/127.0.0.1]].
2025-02-06T11:53:04.389+0530 [DEBUG] [org.gradle.launcher.daemon.server.Daemon] Daemon starting at: Thu Feb 06 11:53:04 IST 2025, with address: [4bd5c376-b0fc-4f29-8871-639b27963bda port:53841, addresses:[localhost/127.0.0.1]]
2025-02-06T11:53:04.390+0530 [INFO] [org.gradle.launcher.daemon.server.DaemonRegistryUpdater] Advertising the daemon address to the clients: [4bd5c376-b0fc-4f29-8871-639b27963bda port:53841, addresses:[localhost/127.0.0.1]]
2025-02-06T11:53:04.390+0530 [DEBUG] [org.gradle.launcher.daemon.server.DaemonRegistryUpdater] Advertised daemon context: DefaultDaemonContext[uid=e18674f2-9233-4b5d-828c-b51b1948f8dc,javaHome=C:\Program Files\Android\Android Studio1\jbr,javaVersion=21,javaVendor=JetBrains s.r.o.,daemonRegistryDir=E:\Mind Scape\daemon,pid=4224,idleTimeout=10800000,priority=NORMAL,applyInstrumentationAgent=true,nativeServicesMode=ENABLED,daemonOpts=--add-opens=java.base/java.util=ALL-UNNAMED,--add-opens=java.base/java.lang=ALL-UNNAMED,--add-opens=java.base/java.lang.invoke=ALL-UNNAMED,--add-opens=java.prefs/java.util.prefs=ALL-UNNAMED,--add-exports=jdk.compiler/com.sun.tools.javac.api=ALL-UNNAMED,--add-exports=jdk.compiler/com.sun.tools.javac.util=ALL-UNNAMED,--add-opens=java.base/java.nio.charset=ALL-UNNAMED,--add-opens=java.base/java.net=ALL-UNNAMED,--add-opens=java.base/java.util.concurrent.atomic=ALL-UNNAMED,-Xmx2048m,-Dfile.encoding=UTF-8,-Duser.country=IN,-Duser.language=en,-Duser.variant]
2025-02-06T11:53:04.391+0530 [DEBUG] [org.gradle.launcher.daemon.registry.PersistentDaemonRegistry] Storing daemon address: [4bd5c376-b0fc-4f29-8871-639b27963bda port:53841, addresses:[localhost/127.0.0.1]], context: DefaultDaemonContext[uid=e18674f2-9233-4b5d-828c-b51b1948f8dc,javaHome=C:\Program Files\Android\Android Studio1\jbr,javaVersion=21,javaVendor=JetBrains s.r.o.,daemonRegistryDir=E:\Mind Scape\daemon,pid=4224,idleTimeout=10800000,priority=NORMAL,applyInstrumentationAgent=true,nativeServicesMode=ENABLED,daemonOpts=--add-opens=java.base/java.util=ALL-UNNAMED,--add-opens=java.base/java.lang=ALL-UNNAMED,--add-opens=java.base/java.lang.invoke=ALL-UNNAMED,--add-opens=java.prefs/java.util.prefs=ALL-UNNAMED,--add-exports=jdk.compiler/com.sun.tools.javac.api=ALL-UNNAMED,--add-exports=jdk.compiler/com.sun.tools.javac.util=ALL-UNNAMED,--add-opens=java.base/java.nio.charset=ALL-UNNAMED,--add-opens=java.base/java.net=ALL-UNNAMED,--add-opens=java.base/java.util.concurrent.atomic=ALL-UNNAMED,-Xmx2048m,-Dfile.encoding=UTF-8,-Duser.country=IN,-Duser.language=en,-Duser.variant]
2025-02-06T11:53:04.404+0530 [DEBUG] [org.gradle.cache.internal.DefaultFileLockManager] Waiting to acquire exclusive lock on daemon addresses registry.
2025-02-06T11:53:04.407+0530 [DEBUG] [org.gradle.cache.internal.DefaultFileLockManager] Lock acquired on daemon addresses registry.
2025-02-06T11:53:04.411+0530 [DEBUG] [org.gradle.cache.internal.DefaultFileLockManager] Releasing lock on daemon addresses registry.
2025-02-06T11:53:04.411+0530 [LIFECYCLE] [org.gradle.launcher.daemon.server.Daemon] Daemon server started.
2025-02-06T11:53:04.412+0530 [DEBUG] [org.gradle.launcher.daemon.bootstrap.DaemonStartupCommunication] Completed writing the daemon greeting. Closing streams...
2025-02-06T11:53:04.420+0530 [DEBUG] [org.gradle.launcher.daemon.server.Daemon] stopOnExpiration() called on daemon
2025-02-06T11:53:04.421+0530 [DEBUG] [org.gradle.launcher.daemon.server.Daemon] awaitExpiration() called on daemon
2025-02-06T11:53:04.422+0530 [DEBUG] [org.gradle.launcher.daemon.server.DaemonStateCoordinator] daemon is running. Sleeping until state changes.
2025-02-06T11:53:04.434+0530 [DEBUG] [org.gradle.internal.remote.internal.inet.TcpIncomingConnector] Accepted connection from /127.0.0.1:53842 to /127.0.0.1:53841.
2025-02-06T11:53:04.514+0530 [DEBUG] [org.gradle.launcher.daemon.server.SynchronizedDispatchConnection] thread 33: received class org.gradle.launcher.daemon.protocol.Build
2025-02-06T11:53:04.514+0530 [DEBUG] [org.gradle.launcher.daemon.server.DefaultDaemonConnection] thread 33: Received non-IO message from client: Build{id=d7f825a0-04c1-402c-b59e-af8f578f28cb, currentDir=E:\Mind Scape}
2025-02-06T11:53:04.514+0530 [INFO] [org.gradle.launcher.daemon.server.DefaultIncomingConnectionHandler] Received command: Build{id=d7f825a0-04c1-402c-b59e-af8f578f28cb, currentDir=E:\Mind Scape}.
2025-02-06T11:53:04.514+0530 [DEBUG] [org.gradle.launcher.daemon.server.DefaultIncomingConnectionHandler] Starting executing command: Build{id=d7f825a0-04c1-402c-b59e-af8f578f28cb, currentDir=E:\Mind Scape} with connection: socket connection from /127.0.0.1:53841 to /127.0.0.1:53842.
2025-02-06T11:53:04.517+0530 [DEBUG] [org.gradle.launcher.daemon.server.DaemonStateCoordinator] Command execution: started DaemonCommandExecution[command = Build{id=d7f825a0-04c1-402c-b59e-af8f578f28cb, currentDir=E:\Mind Scape}, connection = DefaultDaemonConnection: socket connection from /127.0.0.1:53841 to /127.0.0.1:53842] after 0.0029 minutes of idle
2025-02-06T11:53:04.517+0530 [INFO] [org.gradle.launcher.daemon.server.DaemonRegistryUpdater] Marking the daemon as busy, address: [4bd5c376-b0fc-4f29-8871-639b27963bda port:53841, addresses:[localhost/127.0.0.1]]
2025-02-06T11:53:04.517+0530 [DEBUG] [org.gradle.launcher.daemon.registry.PersistentDaemonRegistry] Marking busy by address: [4bd5c376-b0fc-4f29-8871-639b27963bda port:53841, addresses:[localhost/127.0.0.1]]
2025-02-06T11:53:04.518+0530 [DEBUG] [org.gradle.cache.internal.DefaultFileLockManager] Waiting to acquire exclusive lock on daemon addresses registry.
2025-02-06T11:53:04.518+0530 [DEBUG] [org.gradle.cache.internal.DefaultFileLockManager] Lock acquired on daemon addresses registry.
2025-02-06T11:53:04.519+0530 [DEBUG] [org.gradle.cache.internal.DefaultFileLockManager] Releasing lock on daemon addresses registry.
2025-02-06T11:53:04.519+0530 [DEBUG] [org.gradle.launcher.daemon.server.DaemonStateCoordinator] resetting idle timer
2025-02-06T11:53:04.519+0530 [DEBUG] [org.gradle.launcher.daemon.server.DaemonStateCoordinator] daemon is running. Sleeping until state changes.
2025-02-06T11:53:04.520+0530 [INFO] [org.gradle.launcher.daemon.server.exec.StartBuildOrRespondWithBusy] Daemon is about to start building Build{id=d7f825a0-04c1-402c-b59e-af8f578f28cb, currentDir=E:\Mind Scape}. Dispatching build started information...
2025-02-06T11:53:04.520+0530 [DEBUG] [org.gradle.launcher.daemon.server.SynchronizedDispatchConnection] thread 35: dispatching org.gradle.launcher.daemon.protocol.BuildStarted@522aadc6
2025-02-06T11:53:04.521+0530 [DEBUG] [org.gradle.launcher.daemon.server.exec.EstablishBuildEnvironment] Configuring env variables: [USERDOMAIN_ROAMINGPROFILE, PROCESSOR_LEVEL, RegionCode, SESSIONNAME, ALLUSERSPROFILE, PROCESSOR_ARCHITECTURE, PSModulePath, SystemDrive, USERNAME, ProgramFiles(x86), FPS_BROWSER_USER_PROFILE_STRING, PATHEXT, DriverData, platformcode, ProgramData, ProgramW6432, HOMEPATH, PROCESSOR_IDENTIFIER, ProgramFiles, PUBLIC, windir, =::, EFC_10012, LOCALAPPDATA, IJ_RESTARTER_LOG, USERDOMAIN, LOGONSERVER, FPS_BROWSER_APP_PROFILE_STRING, JAVA_HOME, asl.log, OneDrive, APPDATA, VBOX_HWVIRTEX_IGNORE_SVM_IN_USE, CommonProgramFiles, Path, OS, COMPUTERNAME, OnlineServices, PROCESSOR_REVISION, CommonProgramW6432, ComSpec, TEMP, mingw, SystemRoot, HOMEDRIVE, USERPROFILE, TMP, CommonProgramFiles(x86), NUMBER_OF_PROCESSORS]
2025-02-06T11:53:04.524+0530 [DEBUG] [org.gradle.launcher.daemon.server.exec.LogToClient] About to start relaying all logs to the client via the connection.
2025-02-06T11:53:04.524+0530 [INFO] [org.gradle.launcher.daemon.server.exec.LogToClient] The client will now receive all logging from the daemon (pid: 4224). The daemon log file: E:\Mind Scape\daemon\8.10.2\daemon-4224.out.log
2025-02-06T11:53:04.526+0530 [INFO] [org.gradle.launcher.daemon.server.exec.LogAndCheckHealth] Starting build in new daemon [memory: 2 GiB]
2025-02-06T11:53:04.528+0530 [DEBUG] [org.gradle.launcher.daemon.server.exec.ExecuteBuild] The daemon has started executing the build.
2025-02-06T11:53:04.528+0530 [DEBUG] [org.gradle.launcher.daemon.server.exec.ExecuteBuild] Executing build with daemon context: DefaultDaemonContext[uid=e18674f2-9233-4b5d-828c-b51b1948f8dc,javaHome=C:\Program Files\Android\Android Studio1\jbr,javaVersion=21,javaVendor=JetBrains s.r.o.,daemonRegistryDir=E:\Mind Scape\daemon,pid=4224,idleTimeout=10800000,priority=NORMAL,applyInstrumentationAgent=true,nativeServicesMode=ENABLED,daemonOpts=--add-opens=java.base/java.util=ALL-UNNAMED,--add-opens=java.base/java.lang=ALL-UNNAMED,--add-opens=java.base/java.lang.invoke=ALL-UNNAMED,--add-opens=java.prefs/java.util.prefs=ALL-UNNAMED,--add-exports=jdk.compiler/com.sun.tools.javac.api=ALL-UNNAMED,--add-exports=jdk.compiler/com.sun.tools.javac.util=ALL-UNNAMED,--add-opens=java.base/java.nio.charset=ALL-UNNAMED,--add-opens=java.base/java.net=ALL-UNNAMED,--add-opens=java.base/java.util.concurrent.atomic=ALL-UNNAMED,-Xmx2048m,-Dfile.encoding=UTF-8,-Duser.country=IN,-Duser.language=en,-Duser.variant]

Deprecated Gradle features were used in this build, making it incompatible with Gradle 9.0.

You can use '--warning-mode all' to show the individual deprecation warnings and determine if they come from your own scripts or plugins.

For more on this, please refer to https://docs.gradle.org/8.10.2/userguide/command_line_interface.html#sec:command_line_warnings in the Gradle documentation.

CONFIGURE SUCCESSFUL in 9m 24s
2025-02-06T11:57:42.340+0530 [DEBUG] [org.gradle.launcher.daemon.server.exec.ExecuteBuild] The daemon has finished executing the build.
2025-02-06T11:57:42.359+0530 [DEBUG] [org.gradle.launcher.daemon.server.DaemonStateCoordinator] daemon is running. Sleeping until state changes.
2025-02-06T11:57:42.359+0530 [DEBUG] [org.gradle.launcher.daemon.server.DaemonStateCoordinator] Command execution: finished waiting for DaemonCommandExecution[command = Build{id=d7f825a0-04c1-402c-b59e-af8f578f28cb, currentDir=E:\Mind Scape}, connection = DefaultDaemonConnection: socket connection from /127.0.0.1:53841 to /127.0.0.1:53842]. Result org.gradle.launcher.daemon.server.DaemonStateCoordinator@3a26ac47 with state Busy
2025-02-06T11:57:42.359+0530 [DEBUG] [org.gradle.launcher.daemon.server.DaemonStateCoordinator] Command execution: completed DaemonCommandExecution[command = Build{id=d7f825a0-04c1-402c-b59e-af8f578f28cb, currentDir=E:\Mind Scape}, connection = DefaultDaemonConnection: socket connection from /127.0.0.1:53841 to /127.0.0.1:53842]
2025-02-06T11:57:42.359+0530 [DEBUG] [org.gradle.launcher.daemon.server.DaemonStateCoordinator] resetting idle timer
2025-02-06T11:57:42.360+0530 [INFO] [org.gradle.launcher.daemon.server.DaemonRegistryUpdater] Marking the daemon as idle, address: [4bd5c376-b0fc-4f29-8871-639b27963bda port:53841, addresses:[localhost/127.0.0.1]]
2025-02-06T11:57:42.360+0530 [DEBUG] [org.gradle.launcher.daemon.registry.PersistentDaemonRegistry] Marking busy by address: [4bd5c376-b0fc-4f29-8871-639b27963bda port:53841, addresses:[localhost/127.0.0.1]]
2025-02-06T11:57:42.361+0530 [DEBUG] [org.gradle.cache.internal.DefaultFileLockManager] Waiting to acquire exclusive lock on daemon addresses registry.
2025-02-06T11:57:42.361+0530 [DEBUG] [org.gradle.cache.internal.DefaultFileLockManager] Lock acquired on daemon addresses registry.
2025-02-06T11:57:42.362+0530 [DEBUG] [org.gradle.cache.internal.DefaultFileLockManager] Releasing lock on daemon addresses registry.
2025-02-06T11:57:42.363+0530 [DEBUG] [org.gradle.launcher.daemon.server.DaemonStateCoordinator] daemon is running. Sleeping until state changes.
2025-02-06T11:57:42.363+0530 [DEBUG] [org.gradle.launcher.daemon.server.exec.ReturnResult] Daemon is dispatching the build result: Success[value=org.gradle.launcher.exec.BuildActionResult@22f8b5d7]
2025-02-06T11:57:42.363+0530 [DEBUG] [org.gradle.launcher.daemon.server.SynchronizedDispatchConnection] thread 32: dispatching Success[value=org.gradle.launcher.exec.BuildActionResult@22f8b5d7]
2025-02-06T11:57:42.404+0530 [DEBUG] [org.gradle.launcher.daemon.server.exec.CleanUpVirtualFileSystemAfterBuild] Cleaning virtual file system after build finished
2025-02-06T11:57:42.405+0530 [DEBUG] [org.gradle.launcher.daemon.server.DefaultIncomingConnectionHandler] Finishing executing command: Build{id=d7f825a0-04c1-402c-b59e-af8f578f28cb, currentDir=E:\Mind Scape}
2025-02-06T11:57:42.410+0530 [DEBUG] [org.gradle.launcher.daemon.server.SynchronizedDispatchConnection] thread 33: received class org.gradle.launcher.daemon.protocol.CloseInput
2025-02-06T11:57:42.410+0530 [DEBUG] [org.gradle.launcher.daemon.server.DefaultDaemonConnection] thread 33: Received IO message from client: org.gradle.launcher.daemon.protocol.CloseInput@15618d21
2025-02-06T11:57:42.411+0530 [DEBUG] [org.gradle.launcher.daemon.server.SynchronizedDispatchConnection] thread 33: received class org.gradle.launcher.daemon.protocol.Finished
2025-02-06T11:57:42.411+0530 [DEBUG] [org.gradle.launcher.daemon.server.DefaultDaemonConnection] thread 33: Received non-IO message from client: org.gradle.launcher.daemon.protocol.Finished@695a5431
2025-02-06T11:57:42.411+0530 [DEBUG] [org.gradle.launcher.daemon.server.DefaultIncomingConnectionHandler] Received finished message: org.gradle.launcher.daemon.protocol.Finished@695a5431
2025-02-06T11:57:42.411+0530 [DEBUG] [org.gradle.launcher.daemon.server.SynchronizedDispatchConnection] thread 32: stopping connection
2025-02-06T11:57:42.415+0530 [DEBUG] [org.gradle.internal.remote.internal.inet.SocketConnection] Discarding EOFException: java.io.EOFException
2025-02-06T11:57:42.415+0530 [DEBUG] [org.gradle.launcher.daemon.server.SynchronizedDispatchConnection] thread 33: received null
2025-02-06T11:57:42.415+0530 [DEBUG] [org.gradle.launcher.daemon.server.DefaultDaemonConnection] thread 33: Received end-of-input from client.
2025-02-06T11:57:42.415+0530 [DEBUG] [org.gradle.launcher.daemon.server.SynchronizedDispatchConnection] thread 32: stopping connection
2025-02-06T11:57:44.437+0530 [DEBUG] [org.gradle.cache.internal.DefaultFileLockManager] Waiting to acquire shared lock on daemon addresses registry.
2025-02-06T11:57:44.437+0530 [DEBUG] [org.gradle.cache.internal.DefaultFileLockManager] Lock acquired on daemon addresses registry.
2025-02-06T11:57:44.444+0530 [DEBUG] [org.gradle.cache.internal.DefaultFileLockManager] Releasing lock on daemon addresses registry.
2025-02-06T11:57:44.446+0530 [DEBUG] [org.gradle.cache.internal.DefaultFileLockManager] Waiting to acquire shared lock on daemon addresses registry.
2025-02-06T11:57:44.447+0530 [DEBUG] [org.gradle.cache.internal.DefaultFileLockManager] Lock acquired on daemon addresses registry.
2025-02-06T11:57:44.447+0530 [DEBUG] [org.gradle.cache.internal.DefaultFileLockManager] Releasing lock on daemon addresses registry.
2025-02-06T11:57:47.085+0530 [DEBUG] [org.gradle.process.internal.health.memory.DefaultMemoryManager] 788588953 physical memory requested, 484143104 free
2025-02-06T11:57:47.086+0530 [DEBUG] [org.gradle.workers.internal.WorkerDaemonExpiration] Will attempt to release 752 of memory
2025-02-06T11:57:47.086+0530 [DEBUG] [org.gradle.process.internal.health.memory.DefaultMemoryManager] 788588953 physical memory requested, 0 released, 484143104 free
2025-02-06T11:57:52.076+0530 [DEBUG] [org.gradle.process.internal.health.memory.DefaultMemoryManager] 1750983884 virtual memory requested, 1730965504 free
2025-02-06T11:57:52.077+0530 [DEBUG] [org.gradle.workers.internal.WorkerDaemonExpiration] Will attempt to release 1669 of memory
2025-02-06T11:57:52.077+0530 [DEBUG] [org.gradle.process.internal.health.memory.DefaultMemoryManager] 1750983884 virtual memory requested, 0 released, 1730965504 free
2025-02-06T11:57:54.435+0530 [DEBUG] [org.gradle.cache.internal.DefaultFileLockManager] Waiting to acquire shared lock on daemon addresses registry.
2025-02-06T11:57:54.435+0530 [DEBUG] [org.gradle.cache.internal.DefaultFileLockManager] Lock acquired on daemon addresses registry.
2025-02-06T11:57:54.435+0530 [DEBUG] [org.gradle.cache.internal.DefaultFileLockManager] Releasing lock on daemon addresses registry.
2025-02-06T11:57:54.436+0530 [DEBUG] [org.gradle.cache.internal.DefaultFileLockManager] Waiting to acquire shared lock on daemon addresses registry.
2025-02-06T11:57:54.436+0530 [DEBUG] [org.gradle.cache.internal.DefaultFileLockManager] Lock acquired on daemon addresses registry.
2025-02-06T11:57:54.436+0530 [DEBUG] [org.gradle.cache.internal.DefaultFileLockManager] Releasing lock on daemon addresses registry.
2025-02-06T11:57:54.437+0530 [DEBUG] [org.gradle.cache.internal.DefaultFileLockManager] Waiting to acquire shared lock on daemon addresses registry.
2025-02-06T11:57:54.437+0530 [DEBUG] [org.gradle.cache.internal.DefaultFileLockManager] Lock acquired on daemon addresses registry.
2025-02-06T11:57:54.437+0530 [DEBUG] [org.gradle.cache.internal.DefaultFileLockManager] Releasing lock on daemon addresses registry.
2025-02-06T11:57:57.078+0530 [DEBUG] [org.gradle.process.internal.health.memory.DefaultMemoryManager] 788588953 physical memory requested, 775458816 free
2025-02-06T11:57:57.078+0530 [DEBUG] [org.gradle.workers.internal.WorkerDaemonExpiration] Will attempt to release 752 of memory
2025-02-06T11:57:57.078+0530 [DEBUG] [org.gradle.process.internal.health.memory.DefaultMemoryManager] 788588953 physical memory requested, 0 released, 775458816 free
2025-02-06T11:57:57.078+0530 [DEBUG] [org.gradle.process.internal.health.memory.DefaultMemoryManager] 1750983884 virtual memory requested, 1691840512 free
2025-02-06T11:57:57.078+0530 [DEBUG] [org.gradle.workers.internal.WorkerDaemonExpiration] Will attempt to release 1669 of memory
2025-02-06T11:57:57.078+0530 [DEBUG] [org.gradle.process.internal.health.memory.DefaultMemoryManager] 1750983884 virtual memory requested, 0 released, 1691840512 free
2025-02-06T11:58:02.097+0530 [DEBUG] [org.gradle.process.internal.health.memory.DefaultMemoryManager] 788588953 physical memory requested, 685408256 free
2025-02-06T11:58:02.097+0530 [DEBUG] [org.gradle.workers.internal.WorkerDaemonExpiration] Will attempt to release 752 of memory
2025-02-06T11:58:02.097+0530 [DEBUG] [org.gradle.process.internal.health.memory.DefaultMemoryManager] 788588953 physical memory requested, 0 released, 685408256 free
2025-02-06T11:58:02.098+0530 [DEBUG] [org.gradle.process.internal.health.memory.DefaultMemoryManager] 1750983884 virtual memory requested, 1595367424 free
2025-02-06T11:58:02.098+0530 [DEBUG] [org.gradle.workers.internal.WorkerDaemonExpiration] Will attempt to release 1669 of memory
2025-02-06T11:58:02.098+0530 [DEBUG] [org.gradle.process.internal.health.memory.DefaultMemoryManager] 1750983884 virtual memory requested, 0 released, 1595367424 free
2025-02-06T11:58:04.437+0530 [DEBUG] [org.gradle.cache.internal.DefaultFileLockManager] Waiting to acquire shared lock on daemon addresses registry.
2025-02-06T11:58:04.437+0530 [DEBUG] [org.gradle.cache.internal.DefaultFileLockManager] Lock acquired on daemon addresses registry.
2025-02-06T11:58:04.438+0530 [DEBUG] [org.gradle.cache.internal.DefaultFileLockManager] Releasing lock on daemon addresses registry.
2025-02-06T11:58:04.439+0530 [DEBUG] [org.gradle.cache.internal.DefaultFileLockManager] Waiting to acquire shared lock on daemon addresses registry.
2025-02-06T11:58:04.439+0530 [DEBUG] [org.gradle.cache.internal.DefaultFileLockManager] Lock acquired on daemon addresses registry.
2025-02-06T11:58:04.440+0530 [DEBUG] [org.gradle.cache.internal.DefaultFileLockManager] Releasing lock on daemon addresses registry.
2025-02-06T11:58:04.440+0530 [DEBUG] [org.gradle.cache.internal.DefaultFileLockManager] Waiting to acquire shared lock on daemon addresses registry.
2025-02-06T11:58:04.441+0530 [DEBUG] [org.gradle.cache.internal.DefaultFileLockManager] Lock acquired on daemon addresses registry.
2025-02-06T11:58:04.441+0530 [DEBUG] [org.gradle.cache.internal.DefaultFileLockManager] Releasing lock on daemon addresses registry.
2025-02-06T11:58:07.081+0530 [DEBUG] [org.gradle.process.internal.health.memory.DefaultMemoryManager] 788588953 physical memory requested, 632344576 free
2025-02-06T11:58:07.082+0530 [DEBUG] [org.gradle.workers.internal.WorkerDaemonExpiration] Will attempt to release 752 of memory
2025-02-06T11:58:07.082+0530 [DEBUG] [org.gradle.process.internal.health.memory.DefaultMemoryManager] 788588953 physical memory requested, 0 released, 632344576 free
2025-02-06T11:58:07.082+0530 [DEBUG] [org.gradle.process.internal.health.memory.DefaultMemoryManager] 1750983884 virtual memory requested, 1584185344 free
2025-02-06T11:58:07.085+0530 [DEBUG] [org.gradle.workers.internal.WorkerDaemonExpiration] Will attempt to release 1669 of memory
2025-02-06T11:58:07.085+0530 [DEBUG] [org.gradle.process.internal.health.memory.DefaultMemoryManager] 1750983884 virtual memory requested, 0 released, 1584185344 free
2025-02-06T11:58:12.084+0530 [DEBUG] [org.gradle.process.internal.health.memory.DefaultMemoryManager] 788588953 physical memory requested, 558628864 free
2025-02-06T11:58:12.085+0530 [DEBUG] [org.gradle.workers.internal.WorkerDaemonExpiration] Will attempt to release 752 of memory
2025-02-06T11:58:12.085+0530 [DEBUG] [org.gradle.process.internal.health.memory.DefaultMemoryManager] 788588953 physical memory requested, 0 released, 558628864 free
2025-02-06T11:58:12.085+0530 [DEBUG] [org.gradle.process.internal.health.memory.DefaultMemoryManager] 1750983884 virtual memory requested, 1583312896 free
2025-02-06T11:58:12.085+0530 [DEBUG] [org.gradle.workers.internal.WorkerDaemonExpiration] Will attempt to release 1669 of memory
2025-02-06T11:58:12.085+0530 [DEBUG] [org.gradle.process.internal.health.memory.DefaultMemoryManager] 1750983884 virtual memory requested, 0 released, 1583312896 free
2025-02-06T11:58:14.434+0530 [DEBUG] [org.gradle.cache.internal.DefaultFileLockManager] Waiting to acquire shared lock on daemon addresses registry.
2025-02-06T11:58:14.435+0530 [DEBUG] [org.gradle.cache.internal.DefaultFileLockManager] Lock acquired on daemon addresses registry.
2025-02-06T11:58:14.435+0530 [DEBUG] [org.gradle.cache.internal.DefaultFileLockManager] Releasing lock on daemon addresses registry.
2025-02-06T11:58:14.436+0530 [DEBUG] [org.gradle.cache.internal.DefaultFileLockManager] Waiting to acquire shared lock on daemon addresses registry.
2025-02-06T11:58:14.436+0530 [DEBUG] [org.gradle.cache.internal.DefaultFileLockManager] Lock acquired on daemon addresses registry.
2025-02-06T11:58:14.436+0530 [DEBUG] [org.gradle.cache.internal.DefaultFileLockManager] Releasing lock on daemon addresses registry.
2025-02-06T11:58:14.437+0530 [DEBUG] [org.gradle.cache.internal.DefaultFileLockManager] Waiting to acquire shared lock on daemon addresses registry.
2025-02-06T11:58:14.437+0530 [DEBUG] [org.gradle.cache.internal.DefaultFileLockManager] Lock acquired on daemon addresses registry.
2025-02-06T11:58:14.437+0530 [DEBUG] [org.gradle.cache.internal.DefaultFileLockManager] Releasing lock on daemon addresses registry.
2025-02-06T11:58:17.087+0530 [DEBUG] [org.gradle.process.internal.health.memory.DefaultMemoryManager] 788588953 physical memory requested, 535040000 free
2025-02-06T11:58:17.087+0530 [DEBUG] [org.gradle.workers.internal.WorkerDaemonExpiration] Will attempt to release 752 of memory
2025-02-06T11:58:17.087+0530 [DEBUG] [org.gradle.process.internal.health.memory.DefaultMemoryManager] 788588953 physical memory requested, 0 released, 535040000 free
2025-02-06T11:58:17.088+0530 [DEBUG] [org.gradle.process.internal.health.memory.DefaultMemoryManager] 1750983884 virtual memory requested, 1587257344 free
2025-02-06T11:58:17.088+0530 [DEBUG] [org.gradle.workers.internal.WorkerDaemonExpiration] Will attempt to release 1669 of memory
2025-02-06T11:58:17.088+0530 [DEBUG] [org.gradle.process.internal.health.memory.DefaultMemoryManager] 1750983884 virtual memory requested, 0 released, 1587257344 free
2025-02-06T11:58:22.082+0530 [DEBUG] [org.gradle.process.internal.health.memory.DefaultMemoryManager] 788588953 physical memory requested, 491954176 free
2025-02-06T11:58:22.082+0530 [DEBUG] [org.gradle.workers.internal.WorkerDaemonExpiration] Will attempt to release 752 of memory
2025-02-06T11:58:22.082+0530 [DEBUG] [org.gradle.process.internal.health.memory.DefaultMemoryManager] 788588953 physical memory requested, 0 released, 491954176 free
2025-02-06T11:58:22.082+0530 [DEBUG] [org.gradle.process.internal.health.memory.DefaultMemoryManager] 1750983884 virtual memory requested, 1579814912 free
2025-02-06T11:58:22.082+0530 [DEBUG] [org.gradle.workers.internal.WorkerDaemonExpiration] Will attempt to release 1669 of memory
2025-02-06T11:58:22.083+0530 [DEBUG] [org.gradle.process.internal.health.memory.DefaultMemoryManager] 1750983884 virtual memory requested, 0 released, 1579814912 free
2025-02-06T11:58:24.430+0530 [DEBUG] [org.gradle.cache.internal.DefaultFileLockManager] Waiting to acquire shared lock on daemon addresses registry.
2025-02-06T11:58:24.430+0530 [DEBUG] [org.gradle.cache.internal.DefaultFileLockManager] Lock acquired on daemon addresses registry.
2025-02-06T11:58:24.430+0530 [DEBUG] [org.gradle.cache.internal.DefaultFileLockManager] Releasing lock on daemon addresses registry.
2025-02-06T11:58:24.431+0530 [DEBUG] [org.gradle.cache.internal.DefaultFileLockManager] Waiting to acquire shared lock on daemon addresses registry.
2025-02-06T11:58:24.432+0530 [DEBUG] [org.gradle.cache.internal.DefaultFileLockManager] Lock acquired on daemon addresses registry.
2025-02-06T11:58:24.432+0530 [DEBUG] [org.gradle.cache.internal.DefaultFileLockManager] Releasing lock on daemon addresses registry.
2025-02-06T11:58:24.433+0530 [DEBUG] [org.gradle.cache.internal.DefaultFileLockManager] Waiting to acquire shared lock on daemon addresses registry.
2025-02-06T11:58:24.433+0530 [DEBUG] [org.gradle.cache.internal.DefaultFileLockManager] Lock acquired on daemon addresses registry.
2025-02-06T11:58:24.433+0530 [DEBUG] [org.gradle.cache.internal.DefaultFileLockManager] Releasing lock on daemon addresses registry.
2025-02-06T11:58:27.099+0530 [DEBUG] [org.gradle.process.internal.health.memory.DefaultMemoryManager] 1750983884 virtual memory requested, 1550876672 free
2025-02-06T11:58:27.101+0530 [DEBUG] [org.gradle.workers.internal.WorkerDaemonExpiration] Will attempt to release 1669 of memory
2025-02-06T11:58:27.101+0530 [DEBUG] [org.gradle.process.internal.health.memory.DefaultMemoryManager] 1750983884 virtual memory requested, 0 released, 1550876672 free
2025-02-06T11:58:32.085+0530 [DEBUG] [org.gradle.process.internal.health.memory.DefaultMemoryManager] 1750983884 virtual memory requested, 1593233408 free
2025-02-06T11:58:32.085+0530 [DEBUG] [org.gradle.workers.internal.WorkerDaemonExpiration] Will attempt to release 1669 of memory
2025-02-06T11:58:32.085+0530 [DEBUG] [org.gradle.process.internal.health.memory.DefaultMemoryManager] 1750983884 virtual memory requested, 0 released, 1593233408 free
2025-02-06T11:58:34.429+0530 [DEBUG] [org.gradle.cache.internal.DefaultFileLockManager] Waiting to acquire shared lock on daemon addresses registry.
2025-02-06T11:58:34.430+0530 [DEBUG] [org.gradle.cache.internal.DefaultFileLockManager] Lock acquired on daemon addresses registry.
2025-02-06T11:58:34.430+0530 [DEBUG] [org.gradle.cache.internal.DefaultFileLockManager] Releasing lock on daemon addresses registry.
2025-02-06T11:58:34.431+0530 [DEBUG] [org.gradle.cache.internal.DefaultFileLockManager] Waiting to acquire shared lock on daemon addresses registry.
2025-02-06T11:58:34.432+0530 [DEBUG] [org.gradle.cache.internal.DefaultFileLockManager] Lock acquired on daemon addresses registry.
2025-02-06T11:58:34.432+0530 [DEBUG] [org.gradle.cache.internal.DefaultFileLockManager] Releasing lock on daemon addresses registry.
2025-02-06T11:58:34.432+0530 [DEBUG] [org.gradle.cache.internal.DefaultFileLockManager] Waiting to acquire shared lock on daemon addresses registry.
2025-02-06T11:58:34.432+0530 [DEBUG] [org.gradle.cache.internal.DefaultFileLockManager] Lock acquired on daemon addresses registry.
2025-02-06T11:58:34.433+0530 [DEBUG] [org.gradle.cache.internal.DefaultFileLockManager] Releasing lock on daemon addresses registry.
2025-02-06T11:58:37.077+0530 [DEBUG] [org.gradle.process.internal.health.memory.DefaultMemoryManager] 1750983884 virtual memory requested, 1577336832 free
2025-02-06T11:58:37.077+0530 [DEBUG] [org.gradle.workers.internal.WorkerDaemonExpiration] Will attempt to release 1669 of memory
2025-02-06T11:58:37.077+0530 [DEBUG] [org.gradle.process.internal.health.memory.DefaultMemoryManager] 1750983884 virtual memory requested, 0 released, 1577336832 free
2025-02-06T11:58:42.091+0530 [DEBUG] [org.gradle.process.internal.health.memory.DefaultMemoryManager] 1750983884 virtual memory requested, 1565024256 free
2025-02-06T11:58:42.091+0530 [DEBUG] [org.gradle.workers.internal.WorkerDaemonExpiration] Will attempt to release 1669 of memory
2025-02-06T11:58:42.092+0530 [DEBUG] [org.gradle.process.internal.health.memory.DefaultMemoryManager] 1750983884 virtual memory requested, 0 released, 1565024256 free
2025-02-06T11:58:44.435+0530 [DEBUG] [org.gradle.cache.internal.DefaultFileLockManager] Waiting to acquire shared lock on daemon addresses registry.
2025-02-06T11:58:44.435+0530 [DEBUG] [org.gradle.cache.internal.DefaultFileLockManager] Lock acquired on daemon addresses registry.
2025-02-06T11:58:44.436+0530 [DEBUG] [org.gradle.cache.internal.DefaultFileLockManager] Releasing lock on daemon addresses registry.
2025-02-06T11:58:44.438+0530 [DEBUG] [org.gradle.cache.internal.DefaultFileLockManager] Waiting to acquire shared lock on daemon addresses registry.
2025-02-06T11:58:44.438+0530 [DEBUG] [org.gradle.cache.internal.DefaultFileLockManager] Lock acquired on daemon addresses registry.
2025-02-06T11:58:44.439+0530 [DEBUG] [org.gradle.cache.internal.DefaultFileLockManager] Releasing lock on daemon addresses registry.
2025-02-06T11:58:44.439+0530 [DEBUG] [org.gradle.cache.internal.DefaultFileLockManager] Waiting to acquire shared lock on daemon addresses registry.
2025-02-06T11:58:44.440+0530 [DEBUG] [org.gradle.cache.internal.DefaultFileLockManager] Lock acquired on daemon addresses registry.
2025-02-06T11:58:44.440+0530 [DEBUG] [org.gradle.cache.internal.DefaultFileLockManager] Releasing lock on daemon addresses registry.
2025-02-06T11:58:47.088+0530 [DEBUG] [org.gradle.process.internal.health.memory.DefaultMemoryManager] 1750983884 virtual memory requested, 1540182016 free
2025-02-06T11:58:47.088+0530 [DEBUG] [org.gradle.workers.internal.WorkerDaemonExpiration] Will attempt to release 1669 of memory
2025-02-06T11:58:47.088+0530 [DEBUG] [org.gradle.process.internal.health.memory.DefaultMemoryManager] 1750983884 virtual memory requested, 0 released, 1540182016 free
2025-02-06T11:58:52.077+0530 [DEBUG] [org.gradle.process.internal.health.memory.DefaultMemoryManager] 1750983884 virtual memory requested, 1547169792 free
2025-02-06T11:58:52.077+0530 [DEBUG] [org.gradle.workers.internal.WorkerDaemonExpiration] Will attempt to release 1669 of memory
2025-02-06T11:58:52.077+0530 [DEBUG] [org.gradle.process.internal.health.memory.DefaultMemoryManager] 1750983884 virtual memory requested, 0 released, 1547169792 free
2025-02-06T11:58:54.425+0530 [DEBUG] [org.gradle.cache.internal.DefaultFileLockManager] Waiting to acquire shared lock on daemon addresses registry.
2025-02-06T11:58:54.425+0530 [DEBUG] [org.gradle.cache.internal.DefaultFileLockManager] Lock acquired on daemon addresses registry.
2025-02-06T11:58:54.425+0530 [DEBUG] [org.gradle.cache.internal.DefaultFileLockManager] Releasing lock on daemon addresses registry.
2025-02-06T11:58:54.426+0530 [DEBUG] [org.gradle.cache.internal.DefaultFileLockManager] Waiting to acquire shared lock on daemon addresses registry.
2025-02-06T11:58:54.426+0530 [DEBUG] [org.gradle.cache.internal.DefaultFileLockManager] Lock acquired on daemon addresses registry.
2025-02-06T11:58:54.426+0530 [DEBUG] [org.gradle.cache.internal.DefaultFileLockManager] Releasing lock on daemon addresses registry.
2025-02-06T11:58:54.426+0530 [DEBUG] [org.gradle.cache.internal.DefaultFileLockManager] Waiting to acquire shared lock on daemon addresses registry.
2025-02-06T11:58:54.426+0530 [DEBUG] [org.gradle.cache.internal.DefaultFileLockManager] Lock acquired on daemon addresses registry.
2025-02-06T11:58:54.427+0530 [DEBUG] [org.gradle.cache.internal.DefaultFileLockManager] Releasing lock on daemon addresses registry.
2025-02-06T11:58:57.093+0530 [DEBUG] [org.gradle.process.internal.health.memory.DefaultMemoryManager] 1750983884 virtual memory requested, 1573109760 free
2025-02-06T11:58:57.093+0530 [DEBUG] [org.gradle.workers.internal.WorkerDaemonExpiration] Will attempt to release 1669 of memory
2025-02-06T11:58:57.093+0530 [DEBUG] [org.gradle.process.internal.health.memory.DefaultMemoryManager] 1750983884 virtual memory requested, 0 released, 1573109760 free
2025-02-06T11:59:02.096+0530 [DEBUG] [org.gradle.process.internal.health.memory.DefaultMemoryManager] 1750983884 virtual memory requested, 1582096384 free
2025-02-06T11:59:02.096+0530 [DEBUG] [org.gradle.workers.internal.WorkerDaemonExpiration] Will attempt to release 1669 of memory
2025-02-06T11:59:02.096+0530 [DEBUG] [org.gradle.process.internal.health.memory.DefaultMemoryManager] 1750983884 virtual memory requested, 0 released, 1582096384 free
2025-02-06T11:59:04.430+0530 [DEBUG] [org.gradle.cache.internal.DefaultFileLockManager] Waiting to acquire shared lock on daemon addresses registry.
2025-02-06T11:59:04.430+0530 [DEBUG] [org.gradle.cache.internal.DefaultFileLockManager] Lock acquired on daemon addresses registry.
2025-02-06T11:59:04.430+0530 [DEBUG] [org.gradle.cache.internal.DefaultFileLockManager] Releasing lock on daemon addresses registry.
2025-02-06T11:59:04.431+0530 [DEBUG] [org.gradle.cache.internal.DefaultFileLockManager] Waiting to acquire shared lock on daemon addresses registry.
2025-02-06T11:59:04.431+0530 [DEBUG] [org.gradle.cache.internal.DefaultFileLockManager] Lock acquired on daemon addresses registry.
2025-02-06T11:59:04.431+0530 [DEBUG] [org.gradle.cache.internal.DefaultFileLockManager] Releasing lock on daemon addresses registry.
2025-02-06T11:59:04.432+0530 [DEBUG] [org.gradle.cache.internal.DefaultFileLockManager] Waiting to acquire shared lock on daemon addresses registry.
2025-02-06T11:59:04.432+0530 [DEBUG] [org.gradle.cache.internal.DefaultFileLockManager] Lock acquired on daemon addresses registry.
2025-02-06T11:59:04.432+0530 [DEBUG] [org.gradle.cache.internal.DefaultFileLockManager] Releasing lock on daemon addresses registry.
2025-02-06T11:59:07.699+0530 [DEBUG] [org.gradle.process.internal.health.memory.DefaultMemoryManager] 1750983884 virtual memory requested, 1565097984 free
2025-02-06T11:59:07.699+0530 [DEBUG] [org.gradle.workers.internal.WorkerDaemonExpiration] Will attempt to release 1669 of memory
2025-02-06T11:59:07.699+0530 [DEBUG] [org.gradle.process.internal.health.memory.DefaultMemoryManager] 1750983884 virtual memory requested, 0 released, 1565097984 free
2025-02-06T11:59:12.080+0530 [DEBUG] [org.gradle.process.internal.health.memory.DefaultMemoryManager] 788588953 physical memory requested, 693268480 free
2025-02-06T11:59:12.080+0530 [DEBUG] [org.gradle.workers.internal.WorkerDaemonExpiration] Will attempt to release 752 of memory
2025-02-06T11:59:12.080+0530 [DEBUG] [org.gradle.process.internal.health.memory.DefaultMemoryManager] 788588953 physical memory requested, 0 released, 693268480 free
2025-02-06T11:59:12.080+0530 [DEBUG] [org.gradle.process.internal.health.memory.DefaultMemoryManager] 1750983884 virtual memory requested, 1587449856 free
2025-02-06T11:59:12.080+0530 [DEBUG] [org.gradle.workers.internal.WorkerDaemonExpiration] Will attempt to release 1669 of memory
2025-02-06T11:59:12.080+0530 [DEBUG] [org.gradle.process.internal.health.memory.DefaultMemoryManager] 1750983884 virtual memory requested, 0 released, 1587449856 free
2025-02-06T11:59:14.430+0530 [DEBUG] [org.gradle.cache.internal.DefaultFileLockManager] Waiting to acquire shared lock on daemon addresses registry.
2025-02-06T11:59:14.430+0530 [DEBUG] [org.gradle.cache.internal.DefaultFileLockManager] Lock acquired on daemon addresses registry.
2025-02-06T11:59:14.463+0530 [DEBUG] [org.gradle.cache.internal.DefaultFileLockManager] Releasing lock on daemon addresses registry.
2025-02-06T11:59:14.464+0530 [DEBUG] [org.gradle.cache.internal.DefaultFileLockManager] Waiting to acquire shared lock on daemon addresses registry.
2025-02-06T11:59:14.464+0530 [DEBUG] [org.gradle.cache.internal.DefaultFileLockManager] Lock acquired on daemon addresses registry.
2025-02-06T11:59:14.507+0530 [DEBUG] [org.gradle.cache.internal.DefaultFileLockManager] Releasing lock on daemon addresses registry.
2025-02-06T11:59:14.507+0530 [DEBUG] [org.gradle.cache.internal.DefaultFileLockManager] Waiting to acquire shared lock on daemon addresses registry.
2025-02-06T11:59:14.507+0530 [DEBUG] [org.gradle.cache.internal.DefaultFileLockManager] Lock acquired on daemon addresses registry.
2025-02-06T11:59:14.507+0530 [DEBUG] [org.gradle.cache.internal.DefaultFileLockManager] Releasing lock on daemon addresses registry.
2025-02-06T11:59:17.081+0530 [DEBUG] [org.gradle.process.internal.health.memory.DefaultMemoryManager] 1750983884 virtual memory requested, 1619009536 free
2025-02-06T11:59:17.082+0530 [DEBUG] [org.gradle.workers.internal.WorkerDaemonExpiration] Will attempt to release 1669 of memory
2025-02-06T11:59:17.082+0530 [DEBUG] [org.gradle.process.internal.health.memory.DefaultMemoryManager] 1750983884 virtual memory requested, 0 released, 1619009536 free
2025-02-06T11:59:22.083+0530 [DEBUG] [org.gradle.process.internal.health.memory.DefaultMemoryManager] 1750983884 virtual memory requested, 1611493376 free
2025-02-06T11:59:22.083+0530 [DEBUG] [org.gradle.workers.internal.WorkerDaemonExpiration] Will attempt to release 1669 of memory
2025-02-06T11:59:22.083+0530 [DEBUG] [org.gradle.process.internal.health.memory.DefaultMemoryManager] 1750983884 virtual memory requested, 0 released, 1611493376 free
2025-02-06T11:59:24.425+0530 [DEBUG] [org.gradle.cache.internal.DefaultFileLockManager] Waiting to acquire shared lock on daemon addresses registry.
2025-02-06T11:59:24.426+0530 [DEBUG] [org.gradle.cache.internal.DefaultFileLockManager] Lock acquired on daemon addresses registry.
2025-02-06T11:59:24.426+0530 [DEBUG] [org.gradle.cache.internal.DefaultFileLockManager] Releasing lock on daemon addresses registry.
2025-02-06T11:59:24.427+0530 [DEBUG] [org.gradle.cache.internal.DefaultFileLockManager] Waiting to acquire shared lock on daemon addresses registry.
2025-02-06T11:59:24.427+0530 [DEBUG] [org.gradle.cache.internal.DefaultFileLockManager] Lock acquired on daemon addresses registry.
2025-02-06T11:59:24.427+0530 [DEBUG] [org.gradle.cache.internal.DefaultFileLockManager] Releasing lock on daemon addresses registry.
2025-02-06T11:59:24.428+0530 [DEBUG] [org.gradle.cache.internal.DefaultFileLockManager] Waiting to acquire shared lock on daemon addresses registry.
2025-02-06T11:59:24.428+0530 [DEBUG] [org.gradle.cache.internal.DefaultFileLockManager] Lock acquired on daemon addresses registry.
2025-02-06T11:59:24.428+0530 [DEBUG] [org.gradle.cache.internal.DefaultFileLockManager] Releasing lock on daemon addresses registry.
2025-02-06T11:59:27.077+0530 [DEBUG] [org.gradle.process.internal.health.memory.DefaultMemoryManager] 1750983884 virtual memory requested, 1620443136 free
2025-02-06T11:59:27.077+0530 [DEBUG] [org.gradle.workers.internal.WorkerDaemonExpiration] Will attempt to release 1669 of memory
2025-02-06T11:59:27.077+0530 [DEBUG] [org.gradle.process.internal.health.memory.DefaultMemoryManager] 1750983884 virtual memory requested, 0 released, 1620443136 free
2025-02-06T11:59:32.086+0530 [DEBUG] [org.gradle.process.internal.health.memory.DefaultMemoryManager] 1750983884 virtual memory requested, 1624088576 free
2025-02-06T11:59:32.086+0530 [DEBUG] [org.gradle.workers.internal.WorkerDaemonExpiration] Will attempt to release 1669 of memory
2025-02-06T11:59:32.086+0530 [DEBUG] [org.gradle.process.internal.health.memory.DefaultMemoryManager] 1750983884 virtual memory requested, 0 released, 1624088576 free
2025-02-06T11:59:34.425+0530 [DEBUG] [org.gradle.cache.internal.DefaultFileLockManager] Waiting to acquire shared lock on daemon addresses registry.
2025-02-06T11:59:34.426+0530 [DEBUG] [org.gradle.cache.internal.DefaultFileLockManager] Lock acquired on daemon addresses registry.
2025-02-06T11:59:34.426+0530 [DEBUG] [org.gradle.cache.internal.DefaultFileLockManager] Releasing lock on daemon addresses registry.
2025-02-06T11:59:34.427+0530 [DEBUG] [org.gradle.cache.internal.DefaultFileLockManager] Waiting to acquire shared lock on daemon addresses registry.
2025-02-06T11:59:34.427+0530 [DEBUG] [org.gradle.cache.internal.DefaultFileLockManager] Lock acquired on daemon addresses registry.
2025-02-06T11:59:34.427+0530 [DEBUG] [org.gradle.cache.internal.DefaultFileLockManager] Releasing lock on daemon addresses registry.
2025-02-06T11:59:34.427+0530 [DEBUG] [org.gradle.cache.internal.DefaultFileLockManager] Waiting to acquire shared lock on daemon addresses registry.
2025-02-06T11:59:34.427+0530 [DEBUG] [org.gradle.cache.internal.DefaultFileLockManager] Lock acquired on daemon addresses registry.
2025-02-06T11:59:34.427+0530 [DEBUG] [org.gradle.cache.internal.DefaultFileLockManager] Releasing lock on daemon addresses registry.
2025-02-06T11:59:37.087+0530 [DEBUG] [org.gradle.process.internal.health.memory.DefaultMemoryManager] 1750983884 virtual memory requested, 1623748608 free
2025-02-06T11:59:37.087+0530 [DEBUG] [org.gradle.workers.internal.WorkerDaemonExpiration] Will attempt to release 1669 of memory
2025-02-06T11:59:37.087+0530 [DEBUG] [org.gradle.process.internal.health.memory.DefaultMemoryManager] 1750983884 virtual memory requested, 0 released, 1623748608 free
2025-02-06T11:59:42.087+0530 [DEBUG] [org.gradle.process.internal.health.memory.DefaultMemoryManager] 1750983884 virtual memory requested, 1623015424 free
2025-02-06T11:59:42.088+0530 [DEBUG] [org.gradle.workers.internal.WorkerDaemonExpiration] Will attempt to release 1669 of memory
2025-02-06T11:59:42.088+0530 [DEBUG] [org.gradle.process.internal.health.memory.DefaultMemoryManager] 1750983884 virtual memory requested, 0 released, 1623015424 free
2025-02-06T11:59:44.430+0530 [DEBUG] [org.gradle.cache.internal.DefaultFileLockManager] Waiting to acquire shared lock on daemon addresses registry.
2025-02-06T11:59:44.431+0530 [DEBUG] [org.gradle.cache.internal.DefaultFileLockManager] Lock acquired on daemon addresses registry.
2025-02-06T11:59:44.431+0530 [DEBUG] [org.gradle.cache.internal.DefaultFileLockManager] Releasing lock on daemon addresses registry.
2025-02-06T11:59:44.432+0530 [DEBUG] [org.gradle.cache.internal.DefaultFileLockManager] Waiting to acquire shared lock on daemon addresses registry.
2025-02-06T11:59:44.432+0530 [DEBUG] [org.gradle.cache.internal.DefaultFileLockManager] Lock acquired on daemon addresses registry.
2025-02-06T11:59:44.432+0530 [DEBUG] [org.gradle.cache.internal.DefaultFileLockManager] Releasing lock on daemon addresses registry.
2025-02-06T11:59:44.433+0530 [DEBUG] [org.gradle.cache.internal.DefaultFileLockManager] Waiting to acquire shared lock on daemon addresses registry.
2025-02-06T11:59:44.433+0530 [DEBUG] [org.gradle.cache.internal.DefaultFileLockManager] Lock acquired on daemon addresses registry.
2025-02-06T11:59:44.433+0530 [DEBUG] [org.gradle.cache.internal.DefaultFileLockManager] Releasing lock on daemon addresses registry.
2025-02-06T11:59:47.083+0530 [DEBUG] [org.gradle.process.internal.health.memory.DefaultMemoryManager] 1750983884 virtual memory requested, 1622224896 free
2025-02-06T11:59:47.083+0530 [DEBUG] [org.gradle.workers.internal.WorkerDaemonExpiration] Will attempt to release 1669 of memory
2025-02-06T11:59:47.083+0530 [DEBUG] [org.gradle.process.internal.health.memory.DefaultMemoryManager] 1750983884 virtual memory requested, 0 released, 1622224896 free
2025-02-06T11:59:52.079+0530 [DEBUG] [org.gradle.process.internal.health.memory.DefaultMemoryManager] 788588953 physical memory requested, 762580992 free
2025-02-06T11:59:52.080+0530 [DEBUG] [org.gradle.workers.internal.WorkerDaemonExpiration] Will attempt to release 752 of memory
2025-02-06T11:59:52.080+0530 [DEBUG] [org.gradle.process.internal.health.memory.DefaultMemoryManager] 788588953 physical memory requested, 0 released, 762580992 free
2025-02-06T11:59:52.080+0530 [DEBUG] [org.gradle.process.internal.health.memory.DefaultMemoryManager] 1750983884 virtual memory requested, 1627357184 free
2025-02-06T11:59:52.080+0530 [DEBUG] [org.gradle.workers.internal.WorkerDaemonExpiration] Will attempt to release 1669 of memory
2025-02-06T11:59:52.080+0530 [DEBUG] [org.gradle.process.internal.health.memory.DefaultMemoryManager] 1750983884 virtual memory requested, 0 released, 1627357184 free
2025-02-06T11:59:54.426+0530 [DEBUG] [org.gradle.cache.internal.DefaultFileLockManager] Waiting to acquire shared lock on daemon addresses registry.
2025-02-06T11:59:54.426+0530 [DEBUG] [org.gradle.cache.internal.DefaultFileLockManager] Lock acquired on daemon addresses registry.
2025-02-06T11:59:54.426+0530 [DEBUG] [org.gradle.cache.internal.DefaultFileLockManager] Releasing lock on daemon addresses registry.
2025-02-06T11:59:54.427+0530 [DEBUG] [org.gradle.cache.internal.DefaultFileLockManager] Waiting to acquire shared lock on daemon addresses registry.
2025-02-06T11:59:54.434+0530 [DEBUG] [org.gradle.cache.internal.DefaultFileLockManager] Lock acquired on daemon addresses registry.
2025-02-06T11:59:54.434+0530 [DEBUG] [org.gradle.cache.internal.DefaultFileLockManager] Releasing lock on daemon addresses registry.
2025-02-06T11:59:54.434+0530 [DEBUG] [org.gradle.cache.internal.DefaultFileLockManager] Waiting to acquire shared lock on daemon addresses registry.
2025-02-06T11:59:54.434+0530 [DEBUG] [org.gradle.cache.internal.DefaultFileLockManager] Lock acquired on daemon addresses registry.
2025-02-06T11:59:54.435+0530 [DEBUG] [org.gradle.cache.internal.DefaultFileLockManager] Releasing lock on daemon addresses registry.
2025-02-06T11:59:57.102+0530 [DEBUG] [org.gradle.process.internal.health.memory.DefaultMemoryManager] 1750983884 virtual memory requested, 1655623680 free
2025-02-06T11:59:57.102+0530 [DEBUG] [org.gradle.workers.internal.WorkerDaemonExpiration] Will attempt to release 1669 of memory
2025-02-06T11:59:57.102+0530 [DEBUG] [org.gradle.process.internal.health.memory.DefaultMemoryManager] 1750983884 virtual memory requested, 0 released, 1655623680 free
2025-02-06T12:00:02.244+0530 [DEBUG] [org.gradle.process.internal.health.memory.DefaultMemoryManager] 1750983884 virtual memory requested, 1644724224 free
2025-02-06T12:00:02.244+0530 [DEBUG] [org.gradle.workers.internal.WorkerDaemonExpiration] Will attempt to release 1669 of memory
2025-02-06T12:00:02.244+0530 [DEBUG] [org.gradle.process.internal.health.memory.DefaultMemoryManager] 1750983884 virtual memory requested, 0 released, 1644724224 free
2025-02-06T12:00:04.425+0530 [DEBUG] [org.gradle.cache.internal.DefaultFileLockManager] Waiting to acquire shared lock on daemon addresses registry.
2025-02-06T12:00:04.426+0530 [DEBUG] [org.gradle.cache.internal.DefaultFileLockManager] Lock acquired on daemon addresses registry.
2025-02-06T12:00:04.427+0530 [DEBUG] [org.gradle.cache.internal.DefaultFileLockManager] Releasing lock on daemon addresses registry.
2025-02-06T12:00:04.429+0530 [DEBUG] [org.gradle.cache.internal.DefaultFileLockManager] Waiting to acquire shared lock on daemon addresses registry.
2025-02-06T12:00:04.429+0530 [DEBUG] [org.gradle.cache.internal.DefaultFileLockManager] Lock acquired on daemon addresses registry.
2025-02-06T12:00:04.429+0530 [DEBUG] [org.gradle.cache.internal.DefaultFileLockManager] Releasing lock on daemon addresses registry.
2025-02-06T12:00:04.430+0530 [DEBUG] [org.gradle.cache.internal.DefaultFileLockManager] Waiting to acquire shared lock on daemon addresses registry.
2025-02-06T12:00:04.430+0530 [DEBUG] [org.gradle.cache.internal.DefaultFileLockManager] Lock acquired on daemon addresses registry.
2025-02-06T12:00:04.431+0530 [DEBUG] [org.gradle.cache.internal.DefaultFileLockManager] Releasing lock on daemon addresses registry.
2025-02-06T12:00:07.077+0530 [DEBUG] [org.gradle.process.internal.health.memory.DefaultMemoryManager] 1750983884 virtual memory requested, 1631330304 free
2025-02-06T12:00:07.078+0530 [DEBUG] [org.gradle.workers.internal.WorkerDaemonExpiration] Will attempt to release 1669 of memory
2025-02-06T12:00:07.078+0530 [DEBUG] [org.gradle.process.internal.health.memory.DefaultMemoryManager] 1750983884 virtual memory requested, 0 released, 1631330304 free
2025-02-06T12:00:12.085+0530 [DEBUG] [org.gradle.process.internal.health.memory.DefaultMemoryManager] 1750983884 virtual memory requested, 1629569024 free
2025-02-06T12:00:12.085+0530 [DEBUG] [org.gradle.workers.internal.WorkerDaemonExpiration] Will attempt to release 1669 of memory
2025-02-06T12:00:12.085+0530 [DEBUG] [org.gradle.process.internal.health.memory.DefaultMemoryManager] 1750983884 virtual memory requested, 0 released, 1629569024 free
2025-02-06T12:00:14.423+0530 [DEBUG] [org.gradle.cache.internal.DefaultFileLockManager] Waiting to acquire shared lock on daemon addresses registry.
2025-02-06T12:00:14.423+0530 [DEBUG] [org.gradle.cache.internal.DefaultFileLockManager] Lock acquired on daemon addresses registry.
2025-02-06T12:00:14.423+0530 [DEBUG] [org.gradle.cache.internal.DefaultFileLockManager] Releasing lock on daemon addresses registry.
2025-02-06T12:00:14.424+0530 [DEBUG] [org.gradle.cache.internal.DefaultFileLockManager] Waiting to acquire shared lock on daemon addresses registry.
2025-02-06T12:00:14.424+0530 [DEBUG] [org.gradle.cache.internal.DefaultFileLockManager] Lock acquired on daemon addresses registry.
2025-02-06T12:00:14.424+0530 [DEBUG] [org.gradle.cache.internal.DefaultFileLockManager] Releasing lock on daemon addresses registry.
2025-02-06T12:00:14.424+0530 [DEBUG] [org.gradle.cache.internal.DefaultFileLockManager] Waiting to acquire shared lock on daemon addresses registry.
2025-02-06T12:00:14.424+0530 [DEBUG] [org.gradle.cache.internal.DefaultFileLockManager] Lock acquired on daemon addresses registry.
2025-02-06T12:00:14.425+0530 [DEBUG] [org.gradle.cache.internal.DefaultFileLockManager] Releasing lock on daemon addresses registry.
2025-02-06T12:00:17.111+0530 [DEBUG] [org.gradle.process.internal.health.memory.DefaultMemoryManager] 1750983884 virtual memory requested, 1624391680 free
2025-02-06T12:00:17.111+0530 [DEBUG] [org.gradle.workers.internal.WorkerDaemonExpiration] Will attempt to release 1669 of memory
2025-02-06T12:00:17.111+0530 [DEBUG] [org.gradle.process.internal.health.memory.DefaultMemoryManager] 1750983884 virtual memory requested, 0 released, 1624391680 free
2025-02-06T12:00:17.802+0530 [DEBUG] [org.gradle.internal.remote.internal.inet.TcpIncomingConnector] Accepted connection from /127.0.0.1:54028 to /127.0.0.1:53841.
2025-02-06T12:00:18.467+0530 [DEBUG] [org.gradle.launcher.daemon.server.SynchronizedDispatchConnection] thread 196: received class org.gradle.launcher.daemon.protocol.StopWhenIdle
2025-02-06T12:00:18.472+0530 [DEBUG] [org.gradle.launcher.daemon.server.DefaultDaemonConnection] thread 196: Received non-IO message from client: StopWhenIdle[id=932e97ed-367c-4489-8eee-2d19b7bcf768]
2025-02-06T12:00:18.475+0530 [INFO] [org.gradle.launcher.daemon.server.DefaultIncomingConnectionHandler] Received command: StopWhenIdle[id=932e97ed-367c-4489-8eee-2d19b7bcf768].
2025-02-06T12:00:18.477+0530 [DEBUG] [org.gradle.launcher.daemon.server.DefaultIncomingConnectionHandler] Starting executing command: StopWhenIdle[id=932e97ed-367c-4489-8eee-2d19b7bcf768] with connection: socket connection from /127.0.0.1:53841 to /127.0.0.1:54028.
2025-02-06T12:00:18.548+0530 [DEBUG] [org.gradle.launcher.daemon.server.DaemonRegistryUpdater] Storing daemon stop event: stop command received
2025-02-06T12:00:18.989+0530 [DEBUG] [org.gradle.launcher.daemon.registry.PersistentDaemonRegistry] Storing daemon stop event with timestamp 1738823418550
2025-02-06T12:00:19.072+0530 [DEBUG] [org.gradle.cache.internal.DefaultFileLockManager] Waiting to acquire exclusive lock on daemon addresses registry.
2025-02-06T12:00:19.083+0530 [DEBUG] [org.gradle.cache.internal.DefaultFileLockManager] Lock acquired on daemon addresses registry.
2025-02-06T12:00:19.100+0530 [DEBUG] [org.gradle.cache.internal.DefaultFileLockManager] Releasing lock on daemon addresses registry.
2025-02-06T12:00:19.104+0530 [LIFECYCLE] [org.gradle.launcher.daemon.server.DaemonStateCoordinator] Daemon will be stopped at the end of the build stop command received
2025-02-06T12:00:19.107+0530 [DEBUG] [org.gradle.launcher.daemon.server.DaemonStateCoordinator] Marking daemon stopped due to stop command received. The daemon is not running a build
2025-02-06T12:00:19.110+0530 [DEBUG] [org.gradle.launcher.daemon.server.DaemonStateCoordinator] daemon has stopped.
2025-02-06T12:00:19.115+0530 [DEBUG] [org.gradle.launcher.daemon.server.SynchronizedDispatchConnection] thread 195: dispatching Success[value=null]
2025-02-06T12:00:19.123+0530 [DEBUG] [org.gradle.launcher.daemon.server.DefaultIncomingConnectionHandler] Finishing executing command: StopWhenIdle[id=932e97ed-367c-4489-8eee-2d19b7bcf768]
2025-02-06T12:00:19.124+0530 [DEBUG] [org.gradle.launcher.daemon.server.SynchronizedDispatchConnection] thread 196: received class org.gradle.launcher.daemon.protocol.Finished
2025-02-06T12:00:19.125+0530 [DEBUG] [org.gradle.launcher.daemon.server.DefaultDaemonConnection] thread 196: Received non-IO message from client: org.gradle.launcher.daemon.protocol.Finished@3db0e5d3
2025-02-06T12:00:19.125+0530 [DEBUG] [org.gradle.launcher.daemon.server.DefaultIncomingConnectionHandler] Received finished message: org.gradle.launcher.daemon.protocol.Finished@3db0e5d3
2025-02-06T12:00:19.127+0530 [DEBUG] [org.gradle.launcher.daemon.server.SynchronizedDispatchConnection] thread 195: stopping connection
2025-02-06T12:00:19.128+0530 [DEBUG] [org.gradle.internal.remote.internal.inet.SocketConnection] Discarding EOFException: java.io.EOFException
2025-02-06T12:00:19.128+0530 [DEBUG] [org.gradle.launcher.daemon.server.SynchronizedDispatchConnection] thread 196: received null
2025-02-06T12:00:19.128+0530 [DEBUG] [org.gradle.launcher.daemon.server.DefaultDaemonConnection] thread 196: Received end-of-input from client.
2025-02-06T12:00:19.139+0530 [DEBUG] [org.gradle.launcher.daemon.server.SynchronizedDispatchConnection] thread 195: stopping connection
2025-02-06T12:00:19.186+0530 [DEBUG] [org.gradle.launcher.daemon.server.Daemon] stop() called on daemon
2025-02-06T12:00:19.188+0530 [INFO] [org.gradle.launcher.daemon.server.Daemon] Stop requested. Daemon is removing its presence from the registry...
2025-02-06T12:00:19.194+0530 [DEBUG] [org.gradle.launcher.daemon.server.DaemonRegistryUpdater] Removing our presence to clients, eg. removing this address from the registry: [4bd5c376-b0fc-4f29-8871-639b27963bda port:53841, addresses:[localhost/127.0.0.1]]
2025-02-06T12:00:19.196+0530 [DEBUG] [org.gradle.launcher.daemon.registry.PersistentDaemonRegistry] Removing daemon address: [4bd5c376-b0fc-4f29-8871-639b27963bda port:53841, addresses:[localhost/127.0.0.1]]
2025-02-06T12:00:19.248+0530 [DEBUG] [org.gradle.cache.internal.DefaultFileLockManager] Waiting to acquire exclusive lock on daemon addresses registry.
2025-02-06T12:00:19.249+0530 [DEBUG] [org.gradle.cache.internal.DefaultFileLockManager] Lock acquired on daemon addresses registry.
2025-02-06T12:00:19.272+0530 [DEBUG] [org.gradle.cache.internal.DefaultFileLockManager] Releasing lock on daemon addresses registry.
2025-02-06T12:00:19.276+0530 [DEBUG] [org.gradle.launcher.daemon.server.DaemonRegistryUpdater] Address removed from registry.
2025-02-06T12:00:19.738+0530 [DEBUG] [org.gradle.cache.internal.LockOnDemandCrossProcessCacheAccess] Releasing file lock for jars (E:\Mind Scape\caches\jars-9)
2025-02-06T12:00:19.750+0530 [DEBUG] [org.gradle.cache.internal.DefaultFileLockManager] Releasing lock on jars (E:\Mind Scape\caches\jars-9).
2025-02-06T12:00:19.783+0530 [DEBUG] [org.gradle.cache.internal.DefaultCacheCleanupExecutor] jars (E:\Mind Scape\caches\jars-9) has last been fully cleaned up 0 hours ago
2025-02-06T12:00:19.819+0530 [DEBUG] [org.gradle.cache.internal.DefaultCacheCleanupExecutor] Skipping cleanup for jars (E:\Mind Scape\caches\jars-9) as it is not yet due
2025-02-06T12:00:19.829+0530 [DEBUG] [org.gradle.cache.internal.LockOnDemandCrossProcessCacheAccess] Releasing file lock for file content cache (E:\Mind Scape\caches\8.10.2\fileContent)
2025-02-06T12:00:19.831+0530 [DEBUG] [org.gradle.cache.internal.DefaultFileLockManager] Releasing lock on file content cache (E:\Mind Scape\caches\8.10.2\fileContent).
2025-02-06T12:00:19.834+0530 [DEBUG] [org.gradle.internal.watch.vfs.impl.WatchingVirtualFileSystem] Closing VFS, dropping state
2025-02-06T12:00:19.984+0530 [DEBUG] [org.gradle.cache.internal.LockOnDemandCrossProcessCacheAccess] Releasing file lock for Generated Gradle JARs cache (E:\Mind Scape\caches\8.10.2\generated-gradle-jars)
2025-02-06T12:00:19.985+0530 [DEBUG] [org.gradle.cache.internal.DefaultFileLockManager] Releasing lock on Generated Gradle JARs cache (E:\Mind Scape\caches\8.10.2\generated-gradle-jars).
2025-02-06T12:00:19.988+0530 [DEBUG] [org.gradle.internal.watch.registry.impl.DefaultFileWatcherRegistry] Finished listening to file system change events
2025-02-06T12:00:19.990+0530 [DEBUG] [org.gradle.cache.internal.LockOnDemandCrossProcessCacheAccess] Releasing file lock for artifact cache (E:\Mind Scape\caches\modules-2)
2025-02-06T12:00:20.000+0530 [DEBUG] [org.gradle.cache.internal.btree.BTreePersistentIndexedCache] Closing cache resource-at-url.bin (E:\Mind Scape\caches\modules-2\metadata-2.106\resource-at-url.bin)
2025-02-06T12:00:20.016+0530 [DEBUG] [org.gradle.cache.internal.btree.BTreePersistentIndexedCache] Closing cache module-artifact.bin (E:\Mind Scape\caches\modules-2\metadata-2.106\module-artifact.bin)
2025-02-06T12:00:20.018+0530 [DEBUG] [org.gradle.cache.internal.btree.BTreePersistentIndexedCache] Closing cache module-metadata.bin (E:\Mind Scape\caches\modules-2\metadata-2.106\module-metadata.bin)
2025-02-06T12:00:20.024+0530 [DEBUG] [org.gradle.cache.internal.btree.BTreePersistentIndexedCache] Closing cache module-artifacts.bin (E:\Mind Scape\caches\modules-2\metadata-2.106\module-artifacts.bin)
2025-02-06T12:00:20.024+0530 [DEBUG] [org.gradle.cache.internal.DefaultFileLockManager] Releasing lock on artifact cache (E:\Mind Scape\caches\modules-2).
2025-02-06T12:00:20.026+0530 [DEBUG] [org.gradle.cache.internal.DefaultCacheCleanupExecutor] artifact cache (E:\Mind Scape\caches\modules-2) has last been fully cleaned up 0 hours ago
2025-02-06T12:00:20.028+0530 [DEBUG] [org.gradle.cache.internal.DefaultCacheCleanupExecutor] Skipping cleanup for artifact cache (E:\Mind Scape\caches\modules-2) as it is not yet due
2025-02-06T12:00:20.055+0530 [DEBUG] [org.gradle.cache.internal.DefaultCacheCoordinator] Cache groovy-dsl (E:\Mind Scape\caches\8.10.2\groovy-dsl) was closed 0 times.
2025-02-06T12:00:20.061+0530 [DEBUG] [org.gradle.cache.internal.DefaultCacheCoordinator] Cache Artifact transforms cache (E:\Mind Scape\caches\8.10.2\transforms) was closed 0 times.
2025-02-06T12:00:20.063+0530 [DEBUG] [org.gradle.cache.internal.DefaultCacheCoordinator] Cache kotlin-dsl (E:\Mind Scape\caches\8.10.2\kotlin-dsl) was closed 0 times.
2025-02-06T12:00:20.069+0530 [DEBUG] [org.gradle.cache.internal.LockOnDemandCrossProcessCacheAccess] Releasing file lock for journal cache (E:\Mind Scape\caches\journal-1)
2025-02-06T12:00:20.070+0530 [DEBUG] [org.gradle.cache.internal.btree.BTreePersistentIndexedCache] Closing cache file-access.bin (E:\Mind Scape\caches\journal-1\file-access.bin)
2025-02-06T12:00:20.082+0530 [DEBUG] [org.gradle.cache.internal.DefaultFileLockManager] Releasing lock on journal cache (E:\Mind Scape\caches\journal-1).
2025-02-06T12:00:20.087+0530 [DEBUG] [org.gradle.cache.internal.LockOnDemandCrossProcessCacheAccess] Releasing file lock for file hash cache (E:\Mind Scape\caches\8.10.2\fileHashes)
2025-02-06T12:00:20.088+0530 [DEBUG] [org.gradle.cache.internal.btree.BTreePersistentIndexedCache] Closing cache fileHashes.bin (E:\Mind Scape\caches\8.10.2\fileHashes\fileHashes.bin)
2025-02-06T12:00:20.130+0530 [DEBUG] [org.gradle.cache.internal.btree.BTreePersistentIndexedCache] Closing cache resourceHashesCache.bin (E:\Mind Scape\caches\8.10.2\fileHashes\resourceHashesCache.bin)
2025-02-06T12:00:20.133+0530 [DEBUG] [org.gradle.cache.internal.DefaultFileLockManager] Releasing lock on file hash cache (E:\Mind Scape\caches\8.10.2\fileHashes).
2025-02-06T12:00:20.256+0530 [DEBUG] [org.gradle.internal.operations.DefaultBuildOperationRunner] Build operation 'Deleting unused version-specific caches in E:\Mind Scape\caches' started
2025-02-06T12:00:20.321+0530 [DEBUG] [org.gradle.cache.internal.VersionSpecificCacheCleanupAction] Processed version-specific caches at E:\Mind Scape\caches for cleanup in 0.05 secs
2025-02-06T12:00:20.325+0530 [DEBUG] [org.gradle.internal.operations.DefaultBuildOperationRunner] Completing Build operation 'Deleting unused version-specific caches in E:\Mind Scape\caches'
2025-02-06T12:00:20.326+0530 [DEBUG] [org.gradle.internal.operations.DefaultBuildOperationRunner] Build operation 'Deleting unused version-specific caches in E:\Mind Scape\caches' completed
2025-02-06T12:00:20.599+0530 [DEBUG] [org.gradle.internal.operations.DefaultBuildOperationRunner] Build operation 'Deleting unused Gradle distributions in E:\Mind Scape\wrapper\dists' started
2025-02-06T12:00:20.634+0530 [DEBUG] [org.gradle.internal.operations.DefaultBuildOperationRunner] Completing Build operation 'Deleting unused Gradle distributions in E:\Mind Scape\wrapper\dists'
2025-02-06T12:00:20.634+0530 [DEBUG] [org.gradle.internal.operations.DefaultBuildOperationRunner] Build operation 'Deleting unused Gradle distributions in E:\Mind Scape\wrapper\dists' completed
2025-02-06T12:00:20.672+0530 [DEBUG] [org.gradle.launcher.daemon.server.Daemon] stop() called on daemon
2025-02-06T12:00:20.673+0530 [INFO] [org.gradle.launcher.daemon.server.Daemon] Stop requested. Daemon is removing its presence from the registry...
2025-02-06T12:00:20.673+0530 [DEBUG] [org.gradle.launcher.daemon.server.DaemonRegistryUpdater] Removing our presence to clients, eg. removing this address from the registry: [4bd5c376-b0fc-4f29-8871-639b27963bda port:53841, addresses:[localhost/127.0.0.1]]
2025-02-06T12:00:20.673+0530 [DEBUG] [org.gradle.launcher.daemon.registry.PersistentDaemonRegistry] Removing daemon address: [4bd5c376-b0fc-4f29-8871-639b27963bda port:53841, addresses:[localhost/127.0.0.1]]
2025-02-06T12:00:20.681+0530 [DEBUG] [org.gradle.cache.internal.DefaultFileLockManager] Waiting to acquire exclusive lock on daemon addresses registry.
2025-02-06T12:00:20.681+0530 [DEBUG] [org.gradle.cache.internal.DefaultFileLockManager] Lock acquired on daemon addresses registry.
2025-02-06T12:00:20.689+0530 [DEBUG] [org.gradle.cache.internal.DefaultFileLockManager] Releasing lock on daemon addresses registry.
2025-02-06T12:00:20.689+0530 [DEBUG] [org.gradle.launcher.daemon.server.DaemonRegistryUpdater] Address removed from registry.
2025-02-06T12:00:20.708+0530 [DEBUG] [org.gradle.cache.internal.locklistener.DefaultFileLockContentionHandler] File lock listener thread completed.
2025-02-06T12:00:20.778+0530 [DEBUG] [java.lang.Runtime] Runtime.exit() called with status: 0
java.lang.Throwable: Runtime.exit(0)
	at java.base/java.lang.Shutdown.logRuntimeExit(Unknown Source)
	at java.base/java.lang.Shutdown.exit(Unknown Source)
	at java.base/java.lang.Runtime.exit(Unknown Source)
	at java.base/java.lang.System.exit(Unknown Source)
	at org.gradle.launcher.bootstrap.ProcessCompleter.complete(ProcessCompleter.java:21)
	at org.gradle.launcher.bootstrap.EntryPoint.run(EntryPoint.java:61)
	at java.base/jdk.internal.reflect.DirectMethodHandleAccessor.invoke(Unknown Source)
	at java.base/java.lang.reflect.Method.invoke(Unknown Source)
	at org.gradle.launcher.bootstrap.ProcessBootstrap.runNoExit(ProcessBootstrap.java:72)
	at org.gradle.launcher.bootstrap.ProcessBootstrap.run(ProcessBootstrap.java:39)
	at org.gradle.launcher.daemon.bootstrap.GradleDaemon.main(GradleDaemon.java:22)
Daemon vm is shutting down... The daemon has exited normally or was terminated in response to a user interrupt.
2025-02-06T12:00:20.801+0530 [DEBUG] [org.gradle.launcher.daemon.registry.PersistentDaemonRegistry] Removing daemon address: [4bd5c376-b0fc-4f29-8871-639b27963bda port:53841, addresses:[localhost/127.0.0.1]]
2025-02-06T12:00:20.804+0530 [DEBUG] [org.gradle.launcher.daemon.server.Daemon] VM shutdown hook was unable to remove the daemon address from the registry. It will be cleaned up later.
java.lang.IllegalStateException: Cannot start managing file contention because this handler has been closed.
	at org.gradle.cache.internal.locklistener.DefaultFileLockContentionHandler.assertNotStopped(DefaultFileLockContentionHandler.java:217)
	at org.gradle.cache.internal.locklistener.DefaultFileLockContentionHandler.getCommunicator(DefaultFileLockContentionHandler.java:260)
	at org.gradle.cache.internal.locklistener.DefaultFileLockContentionHandler.reservePort(DefaultFileLockContentionHandler.java:254)
	at org.gradle.cache.internal.DefaultFileLockManager.lock(DefaultFileLockManager.java:124)
	at org.gradle.cache.internal.DefaultFileLockManager.lock(DefaultFileLockManager.java:106)
	at org.gradle.cache.internal.DefaultFileLockManager.lock(DefaultFileLockManager.java:101)
	at org.gradle.cache.internal.OnDemandFileAccess.updateFile(OnDemandFileAccess.java:51)
	at org.gradle.cache.internal.FileBackedObjectHolder.update(FileBackedObjectHolder.java:77)
	at org.gradle.cache.internal.FileIntegrityViolationSuppressingObjectHolderDecorator.lambda$update$0(FileIntegrityViolationSuppressingObjectHolderDecorator.java:48)
	at org.gradle.cache.internal.FileIntegrityViolationSuppressingObjectHolderDecorator.doUpdate(FileIntegrityViolationSuppressingObjectHolderDecorator.java:58)
	at org.gradle.cache.internal.FileIntegrityViolationSuppressingObjectHolderDecorator.update(FileIntegrityViolationSuppressingObjectHolderDecorator.java:48)
	at org.gradle.launcher.daemon.registry.PersistentDaemonRegistry.remove(PersistentDaemonRegistry.java:133)
	at org.gradle.launcher.daemon.server.Daemon$1.run(Daemon.java:133)
	at java.base/java.lang.Thread.run(Unknown Source)
